<?xml version="1.0" encoding="UTF-8"?>
<!-- Generated by org.testng.reporters.JUnitXMLReporter -->
<testsuite ignored="0" hostname="LAPTOP-QU2VP51Q" failures="1" tests="4" name="Default test" time="29.951" errors="0" timestamp="2026-08-30T18:03:10 IST">
  <testcase classname="tests.IndexPageTest" name="urlTest" time="0.126"/>
  <testcase classname="tests.IndexPageTest" name="testTitle" time="0.025"/>
  <testcase classname="tests.IndexPageTest" name="failed_LogIn_Test" time="2.06">
    <failure type="java.lang.AssertionError" message="The following asserts failed:
	Login Failed Error Label_1 :  expected [Login was unsuccessful. Please correct the errors and try again] but found [Login was unsuccessful. Please correct the errors and try again.],
	Login Failed Error Label_2 :  expected [No customer account foun1] but found [The credentials provided are incorrect]">
      <![CDATA[java.lang.AssertionError: The following asserts failed:
Login Failed Error Label_1 :  expected [Login was unsuccessful. Please correct the errors and try again] but found [Login was unsuccessful. Please correct the errors and try again.],
Login Failed Error Label_2 :  expected [No customer account foun1] but found [The credentials provided are incorrect]
at org.testng.asserts.SoftAssert.assertAll(SoftAssert.java:46)
at org.testng.asserts.SoftAssert.assertAll(SoftAssert.java:30)
at tests.IndexPageTest.failed_LogIn_Test(IndexPageTest.java:84)
at java.base/jdk.internal.reflect.DirectMethodHandleAccessor.invoke(DirectMethodHandleAccessor.java:103)
at java.base/java.lang.reflect.Method.invoke(Method.java:580)
at org.testng.internal.invokers.MethodInvocationHelper.invokeMethod(MethodInvocationHelper.java:141)
at org.testng.internal.invokers.TestInvoker.invokeMethod(TestInvoker.java:687)
at org.testng.internal.invokers.TestInvoker.invokeTestMethod(TestInvoker.java:230)
at org.testng.internal.invokers.MethodRunner.runInSequence(MethodRunner.java:63)
at org.testng.internal.invokers.TestInvoker$MethodInvocationAgent.invoke(TestInvoker.java:995)
at org.testng.internal.invokers.TestInvoker.invokeTestMethods(TestInvoker.java:203)
at org.testng.internal.invokers.TestMethodWorker.invokeTestMethods(TestMethodWorker.java:154)
at org.testng.internal.invokers.TestMethodWorker.run(TestMethodWorker.java:134)
at java.base/java.util.ArrayList.forEach(ArrayList.java:1596)
at org.testng.TestRunner.privateRun(TestRunner.java:741)
at org.testng.TestRunner.run(TestRunner.java:616)
at org.testng.SuiteRunner.runTest(SuiteRunner.java:421)
at org.testng.SuiteRunner.runSequentially(SuiteRunner.java:413)
at org.testng.SuiteRunner.privateRun(SuiteRunner.java:373)
at org.testng.SuiteRunner.run(SuiteRunner.java:312)
at org.testng.SuiteRunnerWorker.runSuite(SuiteRunnerWorker.java:52)
at org.testng.SuiteRunnerWorker.run(SuiteRunnerWorker.java:95)
at org.testng.TestNG.runSuitesSequentially(TestNG.java:1274)
at org.testng.TestNG.runSuitesLocally(TestNG.java:1208)
at org.testng.TestNG.runSuites(TestNG.java:1112)
at org.testng.TestNG.run(TestNG.java:1079)
at org.testng.remote.AbstractRemoteTestNG.run(AbstractRemoteTestNG.java:115)
at org.testng.remote.RemoteTestNG.initAndRun(RemoteTestNG.java:293)
at org.testng.remote.RemoteTestNG.main(RemoteTestNG.java:91)
]]>
    </failure>
  </testcase> <!-- failed_LogIn_Test -->
  <testcase classname="tests.IndexPageTest" name="success_Login_Test" time="2.483"/>
</testsuite> <!-- Default test -->
