<?xml version="1.0" encoding="UTF-8"?>
<!-- Generated by org.testng.reporters.JUnitXMLReporter -->
<testsuite ignored="8" hostname="LAPTOP-QU2VP51Q" failures="4" tests="9" name="Test" time="111.695" errors="0" timestamp="2026-09-09T08:18:57 IST">
  <testcase classname="tests.HomePageTest" name="homePage_MenuList" time="12.304"/>
  <testcase classname="tests.HomePageTest" name="homePage_CategoryList" time="10.987"/>
  <testcase classname="tests.LoginPageTest" name="failed_LogIn_Test" time="4.888">
    <failure type="java.lang.AssertionError" message="The following asserts failed:
	Login Failed Error Label_2 :  expected [No customer account found] but found [The credentials provided are incorrect]">
      <![CDATA[java.lang.AssertionError: The following asserts failed:
Login Failed Error Label_2 :  expected [No customer account found] but found [The credentials provided are incorrect]
at tests.LoginPageTest.failed_LogIn_Test(LoginPageTest.java:59)
at java.base/java.util.ArrayList.forEach(ArrayList.java:1596)
... Removed 27 stack frames]]>
    </failure>
  </testcase> <!-- failed_LogIn_Test -->
  <testcase classname="tests.LoginPageTest" name="failed_LogIn_Test" time="4.211">
    <failure type="java.lang.AssertionError" message="The following asserts failed:
	Login Failed Error Label_2 :  expected [No customer account found] but found [The credentials provided are incorrect]">
      <![CDATA[java.lang.AssertionError: The following asserts failed:
Login Failed Error Label_2 :  expected [No customer account found] but found [The credentials provided are incorrect]
at tests.LoginPageTest.failed_LogIn_Test(LoginPageTest.java:59)
at java.base/java.util.ArrayList.forEach(ArrayList.java:1596)
... Removed 27 stack frames]]>
    </failure>
  </testcase> <!-- failed_LogIn_Test -->
  <testcase classname="tests.LoginPageTest" name="failed_LogIn_Test" time="4.163">
    <failure type="java.lang.AssertionError" message="The following asserts failed:
	Login Failed Error Label_2 :  expected [No customer account found] but found [The credentials provided are incorrect]">
      <![CDATA[java.lang.AssertionError: The following asserts failed:
Login Failed Error Label_2 :  expected [No customer account found] but found [The credentials provided are incorrect]
at tests.LoginPageTest.failed_LogIn_Test(LoginPageTest.java:59)
at java.base/java.util.ArrayList.forEach(ArrayList.java:1596)
... Removed 27 stack frames]]>
    </failure>
  </testcase> <!-- failed_LogIn_Test -->
  <testcase classname="tests.LoginPageTest" name="failed_LogIn_Test" time="4.691">
    <failure type="java.lang.AssertionError" message="The following asserts failed:
	Login Failed Error Label_2 :  expected [No customer account found] but found [The credentials provided are incorrect]">
      <![CDATA[java.lang.AssertionError: The following asserts failed:
Login Failed Error Label_2 :  expected [No customer account found] but found [The credentials provided are incorrect]
at tests.LoginPageTest.failed_LogIn_Test(LoginPageTest.java:59)
at java.base/java.util.ArrayList.forEach(ArrayList.java:1596)
... Removed 27 stack frames]]>
    </failure>
  </testcase> <!-- failed_LogIn_Test -->
  <testcase classname="tests.LoginPageTest" name="success_Login_Test" time="3.117"/>
  <testcase classname="tests.IndexPageTest" name="indexPage_URL" time="0.017"/>
  <testcase classname="tests.IndexPageTest" name="indexPage_Title" time="0.017"/>
  <testcase classname="tests.BaseDemoWebTest" name="@BeforeTest beforeTest" time="0.0">
    <ignored/>
  </testcase> <!-- @BeforeTest beforeTest -->
  <testcase classname="tests.BaseDemoWebTest" name="@AfterSuite afterSuite" time="0.0">
    <ignored/>
  </testcase> <!-- @AfterSuite afterSuite -->
  <testcase classname="tests.BaseDemoWebTest" name="@BeforeTest beforeTest" time="0.0">
    <ignored/>
  </testcase> <!-- @BeforeTest beforeTest -->
  <testcase classname="tests.BaseDemoWebTest" name="@AfterTest afterTest" time="0.0">
    <ignored/>
  </testcase> <!-- @AfterTest afterTest -->
  <testcase classname="tests.BaseDemoWebTest" name="@BeforeSuite beforeSuite" time="0.0">
    <ignored/>
  </testcase> <!-- @BeforeSuite beforeSuite -->
  <testcase classname="tests.BaseDemoWebTest" name="@AfterSuite afterSuite" time="0.0">
    <ignored/>
  </testcase> <!-- @AfterSuite afterSuite -->
  <testcase classname="tests.BaseDemoWebTest" name="@AfterTest afterTest" time="0.0">
    <ignored/>
  </testcase> <!-- @AfterTest afterTest -->
  <testcase classname="tests.BaseDemoWebTest" name="@BeforeSuite beforeSuite" time="0.0">
    <ignored/>
  </testcase> <!-- @BeforeSuite beforeSuite -->
</testsuite> <!-- Test -->
