<?xml version="1.0" encoding="UTF-8"?>
<!-- Generated by org.testng.reporters.JUnitXMLReporter -->
<testsuite ignored="0" hostname="LAPTOP-QU2VP51Q" failures="0" tests="10" name="Test" time="125.933" errors="0" timestamp="2026-08-30T22:37:01 IST">
  <testcase classname="tests.HomePageTest" name="shoppingCart" time="0.092"/>
  <testcase classname="tests.HomePageTest" name="wishList" time="0.005"/>
  <testcase classname="tests.HomePageTest" name="headerList" time="0.006"/>
  <testcase classname="tests.HomePageTest" name="homePage_MenuList" time="11.434"/>
  <testcase classname="tests.HomePageTest" name="categoryList" time="0.002"/>
  <testcase classname="tests.HomePageTest" name="homePage_CategoryList" time="11.228"/>
  <testcase classname="tests.HomePageTest" name="homePage_InformationList" time="9.927"/>
  <testcase classname="tests.HomePageTest" name="homePage_MyAccountList" time="8.857"/>
  <testcase classname="tests.HomePageTest" name="homePage_CustomerServiceList" time="9.982"/>
  <testcase classname="tests.HomePageTest" name="homePage_FollowUs_List" time="8.759"/>
</testsuite> <!-- Test -->
