<?xml version="1.0" encoding="UTF-8"?>
<testng-results ignored="0" total="9" passed="5" failed="4" skipped="0">
  <reporter-output>
  </reporter-output>
  <suite started-at="2026-09-09T09:28:15 IST" name="Surefire suite" finished-at="2026-09-09T09:29:59 IST" duration-ms="104434">
    <groups>
    </groups>
    <test started-at="2026-09-09T09:28:15 IST" name="Surefire test" finished-at="2026-09-09T09:29:59 IST" duration-ms="104434">
      <class name="tests.BaseDemoWebTest">
        <test-method is-config="true" signature="beforeSuite()[pri:0, instance:tests.BaseDemoWebTest@101952da]" started-at="2026-09-09T09:28:15 IST" name="beforeSuite" finished-at="2026-09-09T09:28:15 IST" duration-ms="21" status="PASS">
          <reporter-output>
          </reporter-output>
        </test-method> <!-- beforeSuite -->
        <test-method is-config="true" signature="beforeTest()[pri:0, instance:tests.BaseDemoWebTest@101952da]" started-at="2026-09-09T09:28:15 IST" name="beforeTest" finished-at="2026-09-09T09:28:15 IST" duration-ms="0" status="PASS">
          <reporter-output>
          </reporter-output>
        </test-method> <!-- beforeTest -->
        <test-method is-config="true" signature="afterTest()[pri:0, instance:tests.BaseDemoWebTest@101952da]" started-at="2026-09-09T09:29:59 IST" name="afterTest" finished-at="2026-09-09T09:29:59 IST" duration-ms="1" status="PASS">
          <reporter-output>
          </reporter-output>
        </test-method> <!-- afterTest -->
        <test-method is-config="true" signature="afterSuite()[pri:0, instance:tests.BaseDemoWebTest@101952da]" started-at="2026-09-09T09:30:00 IST" name="afterSuite" finished-at="2026-09-09T09:30:00 IST" duration-ms="1" status="PASS">
          <reporter-output>
          </reporter-output>
        </test-method> <!-- afterSuite -->
      </class> <!-- tests.BaseDemoWebTest -->
      <class name="tests.HomePageTest">
        <test-method is-config="true" signature="beforeClass()[pri:0, instance:tests.HomePageTest@73700b80]" started-at="2026-09-09T09:28:15 IST" name="beforeClass" finished-at="2026-09-09T09:28:15 IST" duration-ms="2" status="PASS">
          <reporter-output>
          </reporter-output>
        </test-method> <!-- beforeClass -->
        <test-method is-config="true" signature="beforeMethod()[pri:0, instance:tests.HomePageTest@73700b80]" started-at="2026-09-09T09:28:15 IST" name="beforeMethod" finished-at="2026-09-09T09:28:22 IST" duration-ms="7186" status="PASS">
          <reporter-output>
          </reporter-output>
        </test-method> <!-- beforeMethod -->
        <test-method signature="homePage_MenuList()[pri:3, instance:tests.HomePageTest@73700b80]" started-at="2026-09-09T09:28:22 IST" name="homePage_MenuList" finished-at="2026-09-09T09:28:34 IST" duration-ms="11436" status="PASS">
          <reporter-output>
          </reporter-output>
        </test-method> <!-- homePage_MenuList -->
        <test-method is-config="true" signature="afterMethod()[pri:0, instance:tests.HomePageTest@73700b80]" started-at="2026-09-09T09:28:34 IST" name="afterMethod" finished-at="2026-09-09T09:28:34 IST" duration-ms="323" status="PASS">
          <reporter-output>
          </reporter-output>
        </test-method> <!-- afterMethod -->
        <test-method is-config="true" signature="beforeMethod()[pri:0, instance:tests.HomePageTest@73700b80]" started-at="2026-09-09T09:28:34 IST" name="beforeMethod" finished-at="2026-09-09T09:28:40 IST" duration-ms="6284" status="PASS">
          <reporter-output>
          </reporter-output>
        </test-method> <!-- beforeMethod -->
        <test-method signature="homePage_CategoryList()[pri:4, instance:tests.HomePageTest@73700b80]" started-at="2026-09-09T09:28:40 IST" name="homePage_CategoryList" finished-at="2026-09-09T09:28:52 IST" duration-ms="11186" status="PASS">
          <reporter-output>
          </reporter-output>
        </test-method> <!-- homePage_CategoryList -->
        <test-method is-config="true" signature="afterMethod()[pri:0, instance:tests.HomePageTest@73700b80]" started-at="2026-09-09T09:28:52 IST" name="afterMethod" finished-at="2026-09-09T09:28:52 IST" duration-ms="261" status="PASS">
          <reporter-output>
          </reporter-output>
        </test-method> <!-- afterMethod -->
        <test-method is-config="true" signature="afterClass()[pri:0, instance:tests.HomePageTest@73700b80]" started-at="2026-09-09T09:28:52 IST" name="afterClass" finished-at="2026-09-09T09:28:52 IST" duration-ms="2" status="PASS">
          <reporter-output>
          </reporter-output>
        </test-method> <!-- afterClass -->
      </class> <!-- tests.HomePageTest -->
      <class name="tests.IndexPageTest">
        <test-method is-config="true" signature="beforeClass()[pri:0, instance:tests.IndexPageTest@49c7b90e]" started-at="2026-09-09T09:28:52 IST" name="beforeClass" finished-at="2026-09-09T09:28:52 IST" duration-ms="1" status="PASS">
          <reporter-output>
          </reporter-output>
        </test-method> <!-- beforeClass -->
        <test-method is-config="true" signature="beforeMethod()[pri:0, instance:tests.IndexPageTest@49c7b90e]" started-at="2026-09-09T09:28:52 IST" name="beforeMethod" finished-at="2026-09-09T09:28:57 IST" duration-ms="5448" status="PASS">
          <reporter-output>
          </reporter-output>
        </test-method> <!-- beforeMethod -->
        <test-method signature="indexPage_URL()[pri:0, instance:tests.IndexPageTest@49c7b90e]" started-at="2026-09-09T09:28:57 IST" name="indexPage_URL" finished-at="2026-09-09T09:28:57 IST" duration-ms="17" status="PASS">
          <reporter-output>
          </reporter-output>
        </test-method> <!-- indexPage_URL -->
        <test-method is-config="true" signature="afterMethod()[pri:0, instance:tests.IndexPageTest@49c7b90e]" started-at="2026-09-09T09:28:57 IST" name="afterMethod" finished-at="2026-09-09T09:28:57 IST" duration-ms="128" status="PASS">
          <reporter-output>
          </reporter-output>
        </test-method> <!-- afterMethod -->
        <test-method is-config="true" signature="beforeMethod()[pri:0, instance:tests.IndexPageTest@49c7b90e]" started-at="2026-09-09T09:28:57 IST" name="beforeMethod" finished-at="2026-09-09T09:29:03 IST" duration-ms="5751" status="PASS">
          <reporter-output>
          </reporter-output>
        </test-method> <!-- beforeMethod -->
        <test-method signature="indexPage_Title()[pri:1, instance:tests.IndexPageTest@49c7b90e]" started-at="2026-09-09T09:29:03 IST" name="indexPage_Title" finished-at="2026-09-09T09:29:03 IST" duration-ms="31" status="PASS">
          <reporter-output>
          </reporter-output>
        </test-method> <!-- indexPage_Title -->
        <test-method is-config="true" signature="afterMethod()[pri:0, instance:tests.IndexPageTest@49c7b90e]" started-at="2026-09-09T09:29:03 IST" name="afterMethod" finished-at="2026-09-09T09:29:03 IST" duration-ms="134" status="PASS">
          <reporter-output>
          </reporter-output>
        </test-method> <!-- afterMethod -->
        <test-method is-config="true" signature="afterClass()[pri:0, instance:tests.IndexPageTest@49c7b90e]" started-at="2026-09-09T09:29:03 IST" name="afterClass" finished-at="2026-09-09T09:29:03 IST" duration-ms="1" status="PASS">
          <reporter-output>
          </reporter-output>
        </test-method> <!-- afterClass -->
      </class> <!-- tests.IndexPageTest -->
      <class name="tests.LoginPageTest">
        <test-method is-config="true" signature="beforeClass()[pri:0, instance:tests.LoginPageTest@10d307f1]" started-at="2026-09-09T09:29:03 IST" name="beforeClass" finished-at="2026-09-09T09:29:03 IST" duration-ms="1" status="PASS">
          <reporter-output>
          </reporter-output>
        </test-method> <!-- beforeClass -->
        <test-method is-config="true" signature="beforeMethod()[pri:0, instance:tests.LoginPageTest@10d307f1]" started-at="2026-09-09T09:29:03 IST" name="beforeMethod" finished-at="2026-09-09T09:29:10 IST" duration-ms="6979" status="PASS">
          <reporter-output>
          </reporter-output>
        </test-method> <!-- beforeMethod -->
        <test-method signature="failed_LogIn_Test(java.lang.String,java.lang.String)[pri:1, instance:tests.LoginPageTest@10d307f1]" started-at="2026-09-09T09:29:10 IST" name="failed_LogIn_Test" data-provider="Failed Credentials" finished-at="2026-09-09T09:29:14 IST" duration-ms="4075" status="FAIL">
          <params>
            <param index="0">
              <value>
                <![CDATA[Test@One.com]]>
              </value>
            </param>
            <param index="1">
              <value>
                <![CDATA[Password_1]]>
              </value>
            </param>
          </params>
          <exception class="java.lang.AssertionError">
            <message>
              <![CDATA[The following asserts failed:
Login Failed Error Label_2 :  expected [No customer account found] but found [The credentials provided are incorrect]]]>
            </message>
            <full-stacktrace>
              <![CDATA[java.lang.AssertionError: The following asserts failed:
Login Failed Error Label_2 :  expected [No customer account found] but found [The credentials provided are incorrect]
at org.testng.asserts.SoftAssert.assertAll(SoftAssert.java:46)
at org.testng.asserts.SoftAssert.assertAll(SoftAssert.java:30)
at tests.LoginPageTest.failed_LogIn_Test(LoginPageTest.java:59)
at java.base/jdk.internal.reflect.DirectMethodHandleAccessor.invoke(DirectMethodHandleAccessor.java:104)
at java.base/java.lang.reflect.Method.invoke(Method.java:565)
at org.testng.internal.invokers.MethodInvocationHelper.invokeMethod(MethodInvocationHelper.java:141)
at org.testng.internal.invokers.TestInvoker.invokeMethod(TestInvoker.java:697)
at org.testng.internal.invokers.TestInvoker.invokeTestMethod(TestInvoker.java:230)
at org.testng.internal.invokers.MethodRunner.runInSequence(MethodRunner.java:63)
at org.testng.internal.invokers.TestInvoker$MethodInvocationAgent.invoke(TestInvoker.java:1005)
at org.testng.internal.invokers.TestInvoker.invokeTestMethods(TestInvoker.java:203)
at org.testng.internal.invokers.TestMethodWorker.invokeTestMethods(TestMethodWorker.java:154)
at org.testng.internal.invokers.TestMethodWorker.run(TestMethodWorker.java:134)
at java.base/java.util.ArrayList.forEach(ArrayList.java:1604)
at org.testng.TestRunner.privateRun(TestRunner.java:744)
at org.testng.TestRunner.run(TestRunner.java:616)
at org.testng.SuiteRunner.runTest(SuiteRunner.java:421)
at org.testng.SuiteRunner.runSequentially(SuiteRunner.java:413)
at org.testng.SuiteRunner.privateRun(SuiteRunner.java:373)
at org.testng.SuiteRunner.run(SuiteRunner.java:312)
at org.testng.SuiteRunnerWorker.runSuite(SuiteRunnerWorker.java:52)
at org.testng.SuiteRunnerWorker.run(SuiteRunnerWorker.java:95)
at org.testng.TestNG.runSuitesSequentially(TestNG.java:1274)
at org.testng.TestNG.runSuitesLocally(TestNG.java:1208)
at org.testng.TestNG.runSuites(TestNG.java:1112)
at org.testng.TestNG.run(TestNG.java:1079)
at org.apache.maven.surefire.testng.TestNGExecutor.run(TestNGExecutor.java:155)
at org.apache.maven.surefire.testng.TestNGDirectoryTestSuite.executeMulti(TestNGDirectoryTestSuite.java:169)
at org.apache.maven.surefire.testng.TestNGDirectoryTestSuite.execute(TestNGDirectoryTestSuite.java:88)
at org.apache.maven.surefire.testng.TestNGProvider.invoke(TestNGProvider.java:137)
at org.apache.maven.surefire.booter.ForkedBooter.runSuitesInProcess(ForkedBooter.java:385)
at org.apache.maven.surefire.booter.ForkedBooter.execute(ForkedBooter.java:162)
at org.apache.maven.surefire.booter.ForkedBooter.run(ForkedBooter.java:507)
at org.apache.maven.surefire.booter.ForkedBooter.main(ForkedBooter.java:495)
]]>
            </full-stacktrace>
          </exception> <!-- java.lang.AssertionError -->
          <reporter-output>
          </reporter-output>
        </test-method> <!-- failed_LogIn_Test -->
        <test-method is-config="true" signature="afterMethod()[pri:0, instance:tests.LoginPageTest@10d307f1]" started-at="2026-09-09T09:29:15 IST" name="afterMethod" finished-at="2026-09-09T09:29:15 IST" duration-ms="187" status="PASS">
          <reporter-output>
          </reporter-output>
        </test-method> <!-- afterMethod -->
        <test-method is-config="true" signature="beforeMethod()[pri:0, instance:tests.LoginPageTest@10d307f1]" started-at="2026-09-09T09:29:15 IST" name="beforeMethod" finished-at="2026-09-09T09:29:20 IST" duration-ms="5517" status="PASS">
          <reporter-output>
          </reporter-output>
        </test-method> <!-- beforeMethod -->
        <test-method signature="failed_LogIn_Test(java.lang.String,java.lang.String)[pri:1, instance:tests.LoginPageTest@10d307f1]" started-at="2026-09-09T09:29:20 IST" name="failed_LogIn_Test" data-provider="Failed Credentials" finished-at="2026-09-09T09:29:25 IST" duration-ms="4458" status="FAIL">
          <params>
            <param index="0">
              <value>
                <![CDATA[Test@Two.com]]>
              </value>
            </param>
            <param index="1">
              <value>
                <![CDATA[Password_2]]>
              </value>
            </param>
          </params>
          <exception class="java.lang.AssertionError">
            <message>
              <![CDATA[The following asserts failed:
Login Failed Error Label_2 :  expected [No customer account found] but found [The credentials provided are incorrect]]]>
            </message>
            <full-stacktrace>
              <![CDATA[java.lang.AssertionError: The following asserts failed:
Login Failed Error Label_2 :  expected [No customer account found] but found [The credentials provided are incorrect]
at org.testng.asserts.SoftAssert.assertAll(SoftAssert.java:46)
at org.testng.asserts.SoftAssert.assertAll(SoftAssert.java:30)
at tests.LoginPageTest.failed_LogIn_Test(LoginPageTest.java:59)
at java.base/jdk.internal.reflect.DirectMethodHandleAccessor.invoke(DirectMethodHandleAccessor.java:104)
at java.base/java.lang.reflect.Method.invoke(Method.java:565)
at org.testng.internal.invokers.MethodInvocationHelper.invokeMethod(MethodInvocationHelper.java:141)
at org.testng.internal.invokers.TestInvoker.invokeMethod(TestInvoker.java:697)
at org.testng.internal.invokers.TestInvoker.invokeTestMethod(TestInvoker.java:230)
at org.testng.internal.invokers.MethodRunner.runInSequence(MethodRunner.java:63)
at org.testng.internal.invokers.TestInvoker$MethodInvocationAgent.invoke(TestInvoker.java:1005)
at org.testng.internal.invokers.TestInvoker.invokeTestMethods(TestInvoker.java:203)
at org.testng.internal.invokers.TestMethodWorker.invokeTestMethods(TestMethodWorker.java:154)
at org.testng.internal.invokers.TestMethodWorker.run(TestMethodWorker.java:134)
at java.base/java.util.ArrayList.forEach(ArrayList.java:1604)
at org.testng.TestRunner.privateRun(TestRunner.java:744)
at org.testng.TestRunner.run(TestRunner.java:616)
at org.testng.SuiteRunner.runTest(SuiteRunner.java:421)
at org.testng.SuiteRunner.runSequentially(SuiteRunner.java:413)
at org.testng.SuiteRunner.privateRun(SuiteRunner.java:373)
at org.testng.SuiteRunner.run(SuiteRunner.java:312)
at org.testng.SuiteRunnerWorker.runSuite(SuiteRunnerWorker.java:52)
at org.testng.SuiteRunnerWorker.run(SuiteRunnerWorker.java:95)
at org.testng.TestNG.runSuitesSequentially(TestNG.java:1274)
at org.testng.TestNG.runSuitesLocally(TestNG.java:1208)
at org.testng.TestNG.runSuites(TestNG.java:1112)
at org.testng.TestNG.run(TestNG.java:1079)
at org.apache.maven.surefire.testng.TestNGExecutor.run(TestNGExecutor.java:155)
at org.apache.maven.surefire.testng.TestNGDirectoryTestSuite.executeMulti(TestNGDirectoryTestSuite.java:169)
at org.apache.maven.surefire.testng.TestNGDirectoryTestSuite.execute(TestNGDirectoryTestSuite.java:88)
at org.apache.maven.surefire.testng.TestNGProvider.invoke(TestNGProvider.java:137)
at org.apache.maven.surefire.booter.ForkedBooter.runSuitesInProcess(ForkedBooter.java:385)
at org.apache.maven.surefire.booter.ForkedBooter.execute(ForkedBooter.java:162)
at org.apache.maven.surefire.booter.ForkedBooter.run(ForkedBooter.java:507)
at org.apache.maven.surefire.booter.ForkedBooter.main(ForkedBooter.java:495)
]]>
            </full-stacktrace>
          </exception> <!-- java.lang.AssertionError -->
          <reporter-output>
          </reporter-output>
        </test-method> <!-- failed_LogIn_Test -->
        <test-method is-config="true" signature="afterMethod()[pri:0, instance:tests.LoginPageTest@10d307f1]" started-at="2026-09-09T09:29:25 IST" name="afterMethod" finished-at="2026-09-09T09:29:25 IST" duration-ms="169" status="PASS">
          <reporter-output>
          </reporter-output>
        </test-method> <!-- afterMethod -->
        <test-method is-config="true" signature="beforeMethod()[pri:0, instance:tests.LoginPageTest@10d307f1]" started-at="2026-09-09T09:29:25 IST" name="beforeMethod" finished-at="2026-09-09T09:29:33 IST" duration-ms="8001" status="PASS">
          <reporter-output>
          </reporter-output>
        </test-method> <!-- beforeMethod -->
        <test-method signature="failed_LogIn_Test(java.lang.String,java.lang.String)[pri:1, instance:tests.LoginPageTest@10d307f1]" started-at="2026-09-09T09:29:33 IST" name="failed_LogIn_Test" data-provider="Failed Credentials" finished-at="2026-09-09T09:29:37 IST" duration-ms="4105" status="FAIL">
          <params>
            <param index="0">
              <value>
                <![CDATA[Test@Three.com]]>
              </value>
            </param>
            <param index="1">
              <value>
                <![CDATA[Password_3]]>
              </value>
            </param>
          </params>
          <exception class="java.lang.AssertionError">
            <message>
              <![CDATA[The following asserts failed:
Login Failed Error Label_2 :  expected [No customer account found] but found [The credentials provided are incorrect]]]>
            </message>
            <full-stacktrace>
              <![CDATA[java.lang.AssertionError: The following asserts failed:
Login Failed Error Label_2 :  expected [No customer account found] but found [The credentials provided are incorrect]
at org.testng.asserts.SoftAssert.assertAll(SoftAssert.java:46)
at org.testng.asserts.SoftAssert.assertAll(SoftAssert.java:30)
at tests.LoginPageTest.failed_LogIn_Test(LoginPageTest.java:59)
at java.base/jdk.internal.reflect.DirectMethodHandleAccessor.invoke(DirectMethodHandleAccessor.java:104)
at java.base/java.lang.reflect.Method.invoke(Method.java:565)
at org.testng.internal.invokers.MethodInvocationHelper.invokeMethod(MethodInvocationHelper.java:141)
at org.testng.internal.invokers.TestInvoker.invokeMethod(TestInvoker.java:697)
at org.testng.internal.invokers.TestInvoker.invokeTestMethod(TestInvoker.java:230)
at org.testng.internal.invokers.MethodRunner.runInSequence(MethodRunner.java:63)
at org.testng.internal.invokers.TestInvoker$MethodInvocationAgent.invoke(TestInvoker.java:1005)
at org.testng.internal.invokers.TestInvoker.invokeTestMethods(TestInvoker.java:203)
at org.testng.internal.invokers.TestMethodWorker.invokeTestMethods(TestMethodWorker.java:154)
at org.testng.internal.invokers.TestMethodWorker.run(TestMethodWorker.java:134)
at java.base/java.util.ArrayList.forEach(ArrayList.java:1604)
at org.testng.TestRunner.privateRun(TestRunner.java:744)
at org.testng.TestRunner.run(TestRunner.java:616)
at org.testng.SuiteRunner.runTest(SuiteRunner.java:421)
at org.testng.SuiteRunner.runSequentially(SuiteRunner.java:413)
at org.testng.SuiteRunner.privateRun(SuiteRunner.java:373)
at org.testng.SuiteRunner.run(SuiteRunner.java:312)
at org.testng.SuiteRunnerWorker.runSuite(SuiteRunnerWorker.java:52)
at org.testng.SuiteRunnerWorker.run(SuiteRunnerWorker.java:95)
at org.testng.TestNG.runSuitesSequentially(TestNG.java:1274)
at org.testng.TestNG.runSuitesLocally(TestNG.java:1208)
at org.testng.TestNG.runSuites(TestNG.java:1112)
at org.testng.TestNG.run(TestNG.java:1079)
at org.apache.maven.surefire.testng.TestNGExecutor.run(TestNGExecutor.java:155)
at org.apache.maven.surefire.testng.TestNGDirectoryTestSuite.executeMulti(TestNGDirectoryTestSuite.java:169)
at org.apache.maven.surefire.testng.TestNGDirectoryTestSuite.execute(TestNGDirectoryTestSuite.java:88)
at org.apache.maven.surefire.testng.TestNGProvider.invoke(TestNGProvider.java:137)
at org.apache.maven.surefire.booter.ForkedBooter.runSuitesInProcess(ForkedBooter.java:385)
at org.apache.maven.surefire.booter.ForkedBooter.execute(ForkedBooter.java:162)
at org.apache.maven.surefire.booter.ForkedBooter.run(ForkedBooter.java:507)
at org.apache.maven.surefire.booter.ForkedBooter.main(ForkedBooter.java:495)
]]>
            </full-stacktrace>
          </exception> <!-- java.lang.AssertionError -->
          <reporter-output>
          </reporter-output>
        </test-method> <!-- failed_LogIn_Test -->
        <test-method is-config="true" signature="afterMethod()[pri:0, instance:tests.LoginPageTest@10d307f1]" started-at="2026-09-09T09:29:37 IST" name="afterMethod" finished-at="2026-09-09T09:29:37 IST" duration-ms="156" status="PASS">
          <reporter-output>
          </reporter-output>
        </test-method> <!-- afterMethod -->
        <test-method is-config="true" signature="beforeMethod()[pri:0, instance:tests.LoginPageTest@10d307f1]" started-at="2026-09-09T09:29:37 IST" name="beforeMethod" finished-at="2026-09-09T09:29:43 IST" duration-ms="5849" status="PASS">
          <reporter-output>
          </reporter-output>
        </test-method> <!-- beforeMethod -->
        <test-method signature="failed_LogIn_Test(java.lang.String,java.lang.String)[pri:1, instance:tests.LoginPageTest@10d307f1]" started-at="2026-09-09T09:29:43 IST" name="failed_LogIn_Test" data-provider="Failed Credentials" finished-at="2026-09-09T09:29:47 IST" duration-ms="4441" status="FAIL">
          <params>
            <param index="0">
              <value>
                <![CDATA[Test@Four.com]]>
              </value>
            </param>
            <param index="1">
              <value>
                <![CDATA[Password_4]]>
              </value>
            </param>
          </params>
          <exception class="java.lang.AssertionError">
            <message>
              <![CDATA[The following asserts failed:
Login Failed Error Label_2 :  expected [No customer account found] but found [The credentials provided are incorrect]]]>
            </message>
            <full-stacktrace>
              <![CDATA[java.lang.AssertionError: The following asserts failed:
Login Failed Error Label_2 :  expected [No customer account found] but found [The credentials provided are incorrect]
at org.testng.asserts.SoftAssert.assertAll(SoftAssert.java:46)
at org.testng.asserts.SoftAssert.assertAll(SoftAssert.java:30)
at tests.LoginPageTest.failed_LogIn_Test(LoginPageTest.java:59)
at java.base/jdk.internal.reflect.DirectMethodHandleAccessor.invoke(DirectMethodHandleAccessor.java:104)
at java.base/java.lang.reflect.Method.invoke(Method.java:565)
at org.testng.internal.invokers.MethodInvocationHelper.invokeMethod(MethodInvocationHelper.java:141)
at org.testng.internal.invokers.TestInvoker.invokeMethod(TestInvoker.java:697)
at org.testng.internal.invokers.TestInvoker.invokeTestMethod(TestInvoker.java:230)
at org.testng.internal.invokers.MethodRunner.runInSequence(MethodRunner.java:63)
at org.testng.internal.invokers.TestInvoker$MethodInvocationAgent.invoke(TestInvoker.java:1005)
at org.testng.internal.invokers.TestInvoker.invokeTestMethods(TestInvoker.java:203)
at org.testng.internal.invokers.TestMethodWorker.invokeTestMethods(TestMethodWorker.java:154)
at org.testng.internal.invokers.TestMethodWorker.run(TestMethodWorker.java:134)
at java.base/java.util.ArrayList.forEach(ArrayList.java:1604)
at org.testng.TestRunner.privateRun(TestRunner.java:744)
at org.testng.TestRunner.run(TestRunner.java:616)
at org.testng.SuiteRunner.runTest(SuiteRunner.java:421)
at org.testng.SuiteRunner.runSequentially(SuiteRunner.java:413)
at org.testng.SuiteRunner.privateRun(SuiteRunner.java:373)
at org.testng.SuiteRunner.run(SuiteRunner.java:312)
at org.testng.SuiteRunnerWorker.runSuite(SuiteRunnerWorker.java:52)
at org.testng.SuiteRunnerWorker.run(SuiteRunnerWorker.java:95)
at org.testng.TestNG.runSuitesSequentially(TestNG.java:1274)
at org.testng.TestNG.runSuitesLocally(TestNG.java:1208)
at org.testng.TestNG.runSuites(TestNG.java:1112)
at org.testng.TestNG.run(TestNG.java:1079)
at org.apache.maven.surefire.testng.TestNGExecutor.run(TestNGExecutor.java:155)
at org.apache.maven.surefire.testng.TestNGDirectoryTestSuite.executeMulti(TestNGDirectoryTestSuite.java:169)
at org.apache.maven.surefire.testng.TestNGDirectoryTestSuite.execute(TestNGDirectoryTestSuite.java:88)
at org.apache.maven.surefire.testng.TestNGProvider.invoke(TestNGProvider.java:137)
at org.apache.maven.surefire.booter.ForkedBooter.runSuitesInProcess(ForkedBooter.java:385)
at org.apache.maven.surefire.booter.ForkedBooter.execute(ForkedBooter.java:162)
at org.apache.maven.surefire.booter.ForkedBooter.run(ForkedBooter.java:507)
at org.apache.maven.surefire.booter.ForkedBooter.main(ForkedBooter.java:495)
]]>
            </full-stacktrace>
          </exception> <!-- java.lang.AssertionError -->
          <reporter-output>
          </reporter-output>
        </test-method> <!-- failed_LogIn_Test -->
        <test-method is-config="true" signature="afterMethod()[pri:0, instance:tests.LoginPageTest@10d307f1]" started-at="2026-09-09T09:29:47 IST" name="afterMethod" finished-at="2026-09-09T09:29:48 IST" duration-ms="140" status="PASS">
          <reporter-output>
          </reporter-output>
        </test-method> <!-- afterMethod -->
        <test-method is-config="true" signature="beforeMethod()[pri:0, instance:tests.LoginPageTest@10d307f1]" started-at="2026-09-09T09:29:48 IST" name="beforeMethod" finished-at="2026-09-09T09:29:56 IST" duration-ms="8437" status="PASS">
          <reporter-output>
          </reporter-output>
        </test-method> <!-- beforeMethod -->
        <test-method signature="success_Login_Test()[pri:2, instance:tests.LoginPageTest@10d307f1]" started-at="2026-09-09T09:29:56 IST" name="success_Login_Test" finished-at="2026-09-09T09:29:59 IST" duration-ms="3108" status="PASS">
          <reporter-output>
          </reporter-output>
        </test-method> <!-- success_Login_Test -->
        <test-method is-config="true" signature="afterMethod()[pri:0, instance:tests.LoginPageTest@10d307f1]" started-at="2026-09-09T09:29:59 IST" name="afterMethod" finished-at="2026-09-09T09:29:59 IST" duration-ms="156" status="PASS">
          <reporter-output>
          </reporter-output>
        </test-method> <!-- afterMethod -->
        <test-method is-config="true" signature="afterClass()[pri:0, instance:tests.LoginPageTest@10d307f1]" started-at="2026-09-09T09:29:59 IST" name="afterClass" finished-at="2026-09-09T09:29:59 IST" duration-ms="1" status="PASS">
          <reporter-output>
          </reporter-output>
        </test-method> <!-- afterClass -->
      </class> <!-- tests.LoginPageTest -->
    </test> <!-- Surefire test -->
  </suite> <!-- Surefire suite -->
</testng-results>
