<?xml version="1.0" encoding="UTF-8"?>
<testng-results ignored="0" total="23" passed="19" failed="4" skipped="0">
  <reporter-output>
  </reporter-output>
  <suite started-at="2026-09-02T21:11:07 IST" name="Surefire suite" finished-at="2026-09-02T21:16:06 IST" duration-ms="299077">
    <groups>
    </groups>
    <test started-at="2026-09-02T21:11:07 IST" name="Surefire test" finished-at="2026-09-02T21:16:06 IST" duration-ms="299077">
      <class name="tests.BaseDemoWebTest">
        <test-method is-config="true" signature="beforeSuite()[pri:0, instance:tests.BaseDemoWebTest@4de4b452]" started-at="2026-09-02T21:11:07 IST" name="beforeSuite" finished-at="2026-09-02T21:11:07 IST" duration-ms="23" status="PASS">
          <reporter-output>
          </reporter-output>
        </test-method> <!-- beforeSuite -->
        <test-method is-config="true" signature="beforeTest()[pri:0, instance:tests.BaseDemoWebTest@4de4b452]" started-at="2026-09-02T21:11:07 IST" name="beforeTest" finished-at="2026-09-02T21:11:07 IST" duration-ms="1" status="PASS">
          <reporter-output>
          </reporter-output>
        </test-method> <!-- beforeTest -->
        <test-method is-config="true" signature="afterTest()[pri:0, instance:tests.BaseDemoWebTest@4de4b452]" started-at="2026-09-02T21:16:06 IST" name="afterTest" finished-at="2026-09-02T21:16:06 IST" duration-ms="2" status="PASS">
          <reporter-output>
          </reporter-output>
        </test-method> <!-- afterTest -->
        <test-method is-config="true" signature="afterSuite()[pri:0, instance:tests.BaseDemoWebTest@4de4b452]" started-at="2026-09-02T21:16:06 IST" name="afterSuite" finished-at="2026-09-02T21:16:06 IST" duration-ms="0" status="PASS">
          <reporter-output>
          </reporter-output>
        </test-method> <!-- afterSuite -->
      </class> <!-- tests.BaseDemoWebTest -->
      <class name="tests.HomePageTest">
        <test-method is-config="true" signature="beforeClass()[pri:0, instance:tests.HomePageTest@3d5c822d]" started-at="2026-09-02T21:11:07 IST" name="beforeClass" finished-at="2026-09-02T21:11:07 IST" duration-ms="2" status="PASS">
          <reporter-output>
          </reporter-output>
        </test-method> <!-- beforeClass -->
        <test-method is-config="true" signature="beforeMethod()[pri:0, instance:tests.HomePageTest@3d5c822d]" started-at="2026-09-02T21:11:07 IST" name="beforeMethod" finished-at="2026-09-02T21:11:15 IST" duration-ms="8238" status="PASS">
          <reporter-output>
          </reporter-output>
        </test-method> <!-- beforeMethod -->
        <test-method signature="shoppingCart()[pri:1, instance:tests.HomePageTest@3d5c822d]" started-at="2026-09-02T21:11:16 IST" name="shoppingCart" finished-at="2026-09-02T21:11:16 IST" duration-ms="96" status="PASS">
          <reporter-output>
          </reporter-output>
        </test-method> <!-- shoppingCart -->
        <test-method is-config="true" signature="afterMethod()[pri:0, instance:tests.HomePageTest@3d5c822d]" started-at="2026-09-02T21:11:16 IST" name="afterMethod" finished-at="2026-09-02T21:11:16 IST" duration-ms="265" status="PASS">
          <reporter-output>
          </reporter-output>
        </test-method> <!-- afterMethod -->
        <test-method is-config="true" signature="beforeMethod()[pri:0, instance:tests.HomePageTest@3d5c822d]" started-at="2026-09-02T21:11:16 IST" name="beforeMethod" finished-at="2026-09-02T21:11:22 IST" duration-ms="6341" status="PASS">
          <reporter-output>
          </reporter-output>
        </test-method> <!-- beforeMethod -->
        <test-method signature="wishList()[pri:2, instance:tests.HomePageTest@3d5c822d]" started-at="2026-09-02T21:11:22 IST" name="wishList" finished-at="2026-09-02T21:11:22 IST" duration-ms="0" status="PASS">
          <reporter-output>
          </reporter-output>
        </test-method> <!-- wishList -->
        <test-method is-config="true" signature="afterMethod()[pri:0, instance:tests.HomePageTest@3d5c822d]" started-at="2026-09-02T21:11:22 IST" name="afterMethod" finished-at="2026-09-02T21:11:23 IST" duration-ms="252" status="PASS">
          <reporter-output>
          </reporter-output>
        </test-method> <!-- afterMethod -->
        <test-method is-config="true" signature="beforeMethod()[pri:0, instance:tests.HomePageTest@3d5c822d]" started-at="2026-09-02T21:11:23 IST" name="beforeMethod" finished-at="2026-09-02T21:11:30 IST" duration-ms="7707" status="PASS">
          <reporter-output>
          </reporter-output>
        </test-method> <!-- beforeMethod -->
        <test-method signature="headerList()[pri:3, instance:tests.HomePageTest@3d5c822d]" started-at="2026-09-02T21:11:30 IST" name="headerList" finished-at="2026-09-02T21:11:30 IST" duration-ms="6" status="PASS">
          <reporter-output>
          </reporter-output>
        </test-method> <!-- headerList -->
        <test-method is-config="true" signature="afterMethod()[pri:0, instance:tests.HomePageTest@3d5c822d]" started-at="2026-09-02T21:11:30 IST" name="afterMethod" finished-at="2026-09-02T21:11:30 IST" duration-ms="243" status="PASS">
          <reporter-output>
          </reporter-output>
        </test-method> <!-- afterMethod -->
        <test-method is-config="true" signature="beforeMethod()[pri:0, instance:tests.HomePageTest@3d5c822d]" started-at="2026-09-02T21:11:30 IST" name="beforeMethod" finished-at="2026-09-02T21:11:38 IST" duration-ms="7410" status="PASS">
          <reporter-output>
          </reporter-output>
        </test-method> <!-- beforeMethod -->
        <test-method signature="homePage_MenuList()[pri:3, instance:tests.HomePageTest@3d5c822d]" started-at="2026-09-02T21:11:38 IST" name="homePage_MenuList" finished-at="2026-09-02T21:11:50 IST" duration-ms="12434" status="PASS">
          <reporter-output>
          </reporter-output>
        </test-method> <!-- homePage_MenuList -->
        <test-method is-config="true" signature="afterMethod()[pri:0, instance:tests.HomePageTest@3d5c822d]" started-at="2026-09-02T21:11:50 IST" name="afterMethod" finished-at="2026-09-02T21:11:51 IST" duration-ms="232" status="PASS">
          <reporter-output>
          </reporter-output>
        </test-method> <!-- afterMethod -->
        <test-method is-config="true" signature="beforeMethod()[pri:0, instance:tests.HomePageTest@3d5c822d]" started-at="2026-09-02T21:11:51 IST" name="beforeMethod" finished-at="2026-09-02T21:11:56 IST" duration-ms="5700" status="PASS">
          <reporter-output>
          </reporter-output>
        </test-method> <!-- beforeMethod -->
        <test-method signature="categoryList()[pri:4, instance:tests.HomePageTest@3d5c822d]" started-at="2026-09-02T21:11:56 IST" name="categoryList" finished-at="2026-09-02T21:11:56 IST" duration-ms="5" status="PASS">
          <reporter-output>
          </reporter-output>
        </test-method> <!-- categoryList -->
        <test-method is-config="true" signature="afterMethod()[pri:0, instance:tests.HomePageTest@3d5c822d]" started-at="2026-09-02T21:11:56 IST" name="afterMethod" finished-at="2026-09-02T21:11:57 IST" duration-ms="222" status="PASS">
          <reporter-output>
          </reporter-output>
        </test-method> <!-- afterMethod -->
        <test-method is-config="true" signature="beforeMethod()[pri:0, instance:tests.HomePageTest@3d5c822d]" started-at="2026-09-02T21:11:57 IST" name="beforeMethod" finished-at="2026-09-02T21:12:03 IST" duration-ms="6937" status="PASS">
          <reporter-output>
          </reporter-output>
        </test-method> <!-- beforeMethod -->
        <test-method signature="homePage_CategoryList()[pri:4, instance:tests.HomePageTest@3d5c822d]" started-at="2026-09-02T21:12:03 IST" name="homePage_CategoryList" finished-at="2026-09-02T21:12:15 IST" duration-ms="11133" status="PASS">
          <reporter-output>
          </reporter-output>
        </test-method> <!-- homePage_CategoryList -->
        <test-method is-config="true" signature="afterMethod()[pri:0, instance:tests.HomePageTest@3d5c822d]" started-at="2026-09-02T21:12:15 IST" name="afterMethod" finished-at="2026-09-02T21:12:15 IST" duration-ms="205" status="PASS">
          <reporter-output>
          </reporter-output>
        </test-method> <!-- afterMethod -->
        <test-method is-config="true" signature="beforeMethod()[pri:0, instance:tests.HomePageTest@3d5c822d]" started-at="2026-09-02T21:12:15 IST" name="beforeMethod" finished-at="2026-09-02T21:12:20 IST" duration-ms="4824" status="PASS">
          <reporter-output>
          </reporter-output>
        </test-method> <!-- beforeMethod -->
        <test-method signature="homePage_InformationList()[pri:5, instance:tests.HomePageTest@3d5c822d]" started-at="2026-09-02T21:12:20 IST" name="homePage_InformationList" finished-at="2026-09-02T21:12:30 IST" duration-ms="10164" status="PASS">
          <reporter-output>
          </reporter-output>
        </test-method> <!-- homePage_InformationList -->
        <test-method is-config="true" signature="afterMethod()[pri:0, instance:tests.HomePageTest@3d5c822d]" started-at="2026-09-02T21:12:30 IST" name="afterMethod" finished-at="2026-09-02T21:12:31 IST" duration-ms="1110" status="PASS">
          <reporter-output>
          </reporter-output>
        </test-method> <!-- afterMethod -->
        <test-method is-config="true" signature="beforeMethod()[pri:0, instance:tests.HomePageTest@3d5c822d]" started-at="2026-09-02T21:12:31 IST" name="beforeMethod" finished-at="2026-09-02T21:12:38 IST" duration-ms="6927" status="PASS">
          <reporter-output>
          </reporter-output>
        </test-method> <!-- beforeMethod -->
        <test-method signature="homePage_MyAccountList()[pri:6, instance:tests.HomePageTest@3d5c822d]" started-at="2026-09-02T21:12:38 IST" name="homePage_MyAccountList" finished-at="2026-09-02T21:12:47 IST" duration-ms="8866" status="PASS">
          <reporter-output>
          </reporter-output>
        </test-method> <!-- homePage_MyAccountList -->
        <test-method is-config="true" signature="afterMethod()[pri:0, instance:tests.HomePageTest@3d5c822d]" started-at="2026-09-02T21:12:47 IST" name="afterMethod" finished-at="2026-09-02T21:12:47 IST" duration-ms="598" status="PASS">
          <reporter-output>
          </reporter-output>
        </test-method> <!-- afterMethod -->
        <test-method is-config="true" signature="beforeMethod()[pri:0, instance:tests.HomePageTest@3d5c822d]" started-at="2026-09-02T21:12:47 IST" name="beforeMethod" finished-at="2026-09-02T21:12:53 IST" duration-ms="5382" status="PASS">
          <reporter-output>
          </reporter-output>
        </test-method> <!-- beforeMethod -->
        <test-method signature="homePage_CustomerServiceList()[pri:7, instance:tests.HomePageTest@3d5c822d]" started-at="2026-09-02T21:12:53 IST" name="homePage_CustomerServiceList" finished-at="2026-09-02T21:13:03 IST" duration-ms="10090" status="PASS">
          <reporter-output>
          </reporter-output>
        </test-method> <!-- homePage_CustomerServiceList -->
        <test-method is-config="true" signature="afterMethod()[pri:0, instance:tests.HomePageTest@3d5c822d]" started-at="2026-09-02T21:13:03 IST" name="afterMethod" finished-at="2026-09-02T21:13:05 IST" duration-ms="1812" status="PASS">
          <reporter-output>
          </reporter-output>
        </test-method> <!-- afterMethod -->
        <test-method is-config="true" signature="beforeMethod()[pri:0, instance:tests.HomePageTest@3d5c822d]" started-at="2026-09-02T21:13:05 IST" name="beforeMethod" finished-at="2026-09-02T21:13:12 IST" duration-ms="7674" status="PASS">
          <reporter-output>
          </reporter-output>
        </test-method> <!-- beforeMethod -->
        <test-method signature="homePage_FollowUs_List()[pri:8, instance:tests.HomePageTest@3d5c822d]" started-at="2026-09-02T21:13:12 IST" name="homePage_FollowUs_List" finished-at="2026-09-02T21:13:21 IST" duration-ms="8928" status="PASS">
          <reporter-output>
          </reporter-output>
        </test-method> <!-- homePage_FollowUs_List -->
        <test-method is-config="true" signature="afterMethod()[pri:0, instance:tests.HomePageTest@3d5c822d]" started-at="2026-09-02T21:13:21 IST" name="afterMethod" finished-at="2026-09-02T21:13:23 IST" duration-ms="1824" status="PASS">
          <reporter-output>
          </reporter-output>
        </test-method> <!-- afterMethod -->
        <test-method is-config="true" signature="afterClass()[pri:0, instance:tests.HomePageTest@3d5c822d]" started-at="2026-09-02T21:13:23 IST" name="afterClass" finished-at="2026-09-02T21:13:23 IST" duration-ms="1" status="PASS">
          <reporter-output>
          </reporter-output>
        </test-method> <!-- afterClass -->
      </class> <!-- tests.HomePageTest -->
      <class name="tests.IndexPageTest">
        <test-method is-config="true" signature="beforeClass()[pri:0, instance:tests.IndexPageTest@6f46426d]" started-at="2026-09-02T21:13:23 IST" name="beforeClass" finished-at="2026-09-02T21:13:23 IST" duration-ms="0" status="PASS">
          <reporter-output>
          </reporter-output>
        </test-method> <!-- beforeClass -->
        <test-method is-config="true" signature="beforeMethod()[pri:0, instance:tests.IndexPageTest@6f46426d]" started-at="2026-09-02T21:13:23 IST" name="beforeMethod" finished-at="2026-09-02T21:13:29 IST" duration-ms="6003" status="PASS">
          <reporter-output>
          </reporter-output>
        </test-method> <!-- beforeMethod -->
        <test-method signature="indexPage_URL()[pri:0, instance:tests.IndexPageTest@6f46426d]" started-at="2026-09-02T21:13:29 IST" name="indexPage_URL" finished-at="2026-09-02T21:13:29 IST" duration-ms="18" status="PASS">
          <reporter-output>
          </reporter-output>
        </test-method> <!-- indexPage_URL -->
        <test-method is-config="true" signature="afterMethod()[pri:0, instance:tests.IndexPageTest@6f46426d]" started-at="2026-09-02T21:13:29 IST" name="afterMethod" finished-at="2026-09-02T21:13:29 IST" duration-ms="244" status="PASS">
          <reporter-output>
          </reporter-output>
        </test-method> <!-- afterMethod -->
        <test-method is-config="true" signature="beforeMethod()[pri:0, instance:tests.IndexPageTest@6f46426d]" started-at="2026-09-02T21:13:29 IST" name="beforeMethod" finished-at="2026-09-02T21:13:37 IST" duration-ms="7428" status="PASS">
          <reporter-output>
          </reporter-output>
        </test-method> <!-- beforeMethod -->
        <test-method signature="indexPage_Title()[pri:1, instance:tests.IndexPageTest@6f46426d]" started-at="2026-09-02T21:13:37 IST" name="indexPage_Title" finished-at="2026-09-02T21:13:37 IST" duration-ms="13" status="PASS">
          <reporter-output>
          </reporter-output>
        </test-method> <!-- indexPage_Title -->
        <test-method is-config="true" signature="afterMethod()[pri:0, instance:tests.IndexPageTest@6f46426d]" started-at="2026-09-02T21:13:37 IST" name="afterMethod" finished-at="2026-09-02T21:13:37 IST" duration-ms="217" status="PASS">
          <reporter-output>
          </reporter-output>
        </test-method> <!-- afterMethod -->
        <test-method is-config="true" signature="beforeMethod()[pri:0, instance:tests.IndexPageTest@6f46426d]" started-at="2026-09-02T21:13:37 IST" name="beforeMethod" finished-at="2026-09-02T21:13:43 IST" duration-ms="5853" status="PASS">
          <reporter-output>
          </reporter-output>
        </test-method> <!-- beforeMethod -->
        <test-method signature="indexPage_MenuList()[pri:3, instance:tests.IndexPageTest@6f46426d]" started-at="2026-09-02T21:13:43 IST" name="indexPage_MenuList" finished-at="2026-09-02T21:13:51 IST" duration-ms="8112" status="PASS">
          <reporter-output>
          </reporter-output>
        </test-method> <!-- indexPage_MenuList -->
        <test-method is-config="true" signature="afterMethod()[pri:0, instance:tests.IndexPageTest@6f46426d]" started-at="2026-09-02T21:13:51 IST" name="afterMethod" finished-at="2026-09-02T21:13:52 IST" duration-ms="1024" status="PASS">
          <reporter-output>
          </reporter-output>
        </test-method> <!-- afterMethod -->
        <test-method is-config="true" signature="beforeMethod()[pri:0, instance:tests.IndexPageTest@6f46426d]" started-at="2026-09-02T21:13:52 IST" name="beforeMethod" finished-at="2026-09-02T21:13:57 IST" duration-ms="5028" status="PASS">
          <reporter-output>
          </reporter-output>
        </test-method> <!-- beforeMethod -->
        <test-method signature="indexPage_CategoryList()[pri:4, instance:tests.IndexPageTest@6f46426d]" started-at="2026-09-02T21:13:57 IST" name="indexPage_CategoryList" finished-at="2026-09-02T21:14:05 IST" duration-ms="8133" status="PASS">
          <reporter-output>
          </reporter-output>
        </test-method> <!-- indexPage_CategoryList -->
        <test-method is-config="true" signature="afterMethod()[pri:0, instance:tests.IndexPageTest@6f46426d]" started-at="2026-09-02T21:14:05 IST" name="afterMethod" finished-at="2026-09-02T21:14:06 IST" duration-ms="850" status="PASS">
          <reporter-output>
          </reporter-output>
        </test-method> <!-- afterMethod -->
        <test-method is-config="true" signature="beforeMethod()[pri:0, instance:tests.IndexPageTest@6f46426d]" started-at="2026-09-02T21:14:06 IST" name="beforeMethod" finished-at="2026-09-02T21:14:12 IST" duration-ms="5537" status="PASS">
          <reporter-output>
          </reporter-output>
        </test-method> <!-- beforeMethod -->
        <test-method signature="indexPage_InformationList()[pri:5, instance:tests.IndexPageTest@6f46426d]" started-at="2026-09-02T21:14:12 IST" name="indexPage_InformationList" finished-at="2026-09-02T21:14:19 IST" duration-ms="6993" status="PASS">
          <reporter-output>
          </reporter-output>
        </test-method> <!-- indexPage_InformationList -->
        <test-method is-config="true" signature="afterMethod()[pri:0, instance:tests.IndexPageTest@6f46426d]" started-at="2026-09-02T21:14:19 IST" name="afterMethod" finished-at="2026-09-02T21:14:19 IST" duration-ms="253" status="PASS">
          <reporter-output>
          </reporter-output>
        </test-method> <!-- afterMethod -->
        <test-method is-config="true" signature="beforeMethod()[pri:0, instance:tests.IndexPageTest@6f46426d]" started-at="2026-09-02T21:14:19 IST" name="beforeMethod" finished-at="2026-09-02T21:14:26 IST" duration-ms="6880" status="PASS">
          <reporter-output>
          </reporter-output>
        </test-method> <!-- beforeMethod -->
        <test-method signature="indexPage_MyAccountList()[pri:6, instance:tests.IndexPageTest@6f46426d]" started-at="2026-09-02T21:14:26 IST" name="indexPage_MyAccountList" finished-at="2026-09-02T21:14:32 IST" duration-ms="5829" status="PASS">
          <reporter-output>
          </reporter-output>
        </test-method> <!-- indexPage_MyAccountList -->
        <test-method is-config="true" signature="afterMethod()[pri:0, instance:tests.IndexPageTest@6f46426d]" started-at="2026-09-02T21:14:32 IST" name="afterMethod" finished-at="2026-09-02T21:14:32 IST" duration-ms="220" status="PASS">
          <reporter-output>
          </reporter-output>
        </test-method> <!-- afterMethod -->
        <test-method is-config="true" signature="beforeMethod()[pri:0, instance:tests.IndexPageTest@6f46426d]" started-at="2026-09-02T21:14:32 IST" name="beforeMethod" finished-at="2026-09-02T21:14:37 IST" duration-ms="4821" status="PASS">
          <reporter-output>
          </reporter-output>
        </test-method> <!-- beforeMethod -->
        <test-method signature="indexPage_CustomerServiceList()[pri:7, instance:tests.IndexPageTest@6f46426d]" started-at="2026-09-02T21:14:37 IST" name="indexPage_CustomerServiceList" finished-at="2026-09-02T21:14:44 IST" duration-ms="7048" status="PASS">
          <reporter-output>
          </reporter-output>
        </test-method> <!-- indexPage_CustomerServiceList -->
        <test-method is-config="true" signature="afterMethod()[pri:0, instance:tests.IndexPageTest@6f46426d]" started-at="2026-09-02T21:14:44 IST" name="afterMethod" finished-at="2026-09-02T21:14:44 IST" duration-ms="242" status="PASS">
          <reporter-output>
          </reporter-output>
        </test-method> <!-- afterMethod -->
        <test-method is-config="true" signature="beforeMethod()[pri:0, instance:tests.IndexPageTest@6f46426d]" started-at="2026-09-02T21:14:44 IST" name="beforeMethod" finished-at="2026-09-02T21:14:48 IST" duration-ms="3927" status="PASS">
          <reporter-output>
          </reporter-output>
        </test-method> <!-- beforeMethod -->
        <test-method signature="indexPage_FollowUs_List()[pri:8, instance:tests.IndexPageTest@6f46426d]" started-at="2026-09-02T21:14:48 IST" name="indexPage_FollowUs_List" finished-at="2026-09-02T21:14:54 IST" duration-ms="5862" status="PASS">
          <reporter-output>
          </reporter-output>
        </test-method> <!-- indexPage_FollowUs_List -->
        <test-method is-config="true" signature="afterMethod()[pri:0, instance:tests.IndexPageTest@6f46426d]" started-at="2026-09-02T21:14:54 IST" name="afterMethod" finished-at="2026-09-02T21:14:54 IST" duration-ms="264" status="PASS">
          <reporter-output>
          </reporter-output>
        </test-method> <!-- afterMethod -->
        <test-method is-config="true" signature="afterClass()[pri:0, instance:tests.IndexPageTest@6f46426d]" started-at="2026-09-02T21:14:54 IST" name="afterClass" finished-at="2026-09-02T21:14:54 IST" duration-ms="0" status="PASS">
          <reporter-output>
          </reporter-output>
        </test-method> <!-- afterClass -->
      </class> <!-- tests.IndexPageTest -->
      <class name="tests.LoginPageTest">
        <test-method is-config="true" signature="beforeClass()[pri:0, instance:tests.LoginPageTest@73700b80]" started-at="2026-09-02T21:14:54 IST" name="beforeClass" finished-at="2026-09-02T21:14:54 IST" duration-ms="0" status="PASS">
          <reporter-output>
          </reporter-output>
        </test-method> <!-- beforeClass -->
        <test-method is-config="true" signature="beforeMethod()[pri:0, instance:tests.LoginPageTest@73700b80]" started-at="2026-09-02T21:14:54 IST" name="beforeMethod" finished-at="2026-09-02T21:15:02 IST" duration-ms="7700" status="PASS">
          <reporter-output>
          </reporter-output>
        </test-method> <!-- beforeMethod -->
        <test-method signature="failed_LogIn_Test(java.lang.String,java.lang.String)[pri:1, instance:tests.LoginPageTest@73700b80]" started-at="2026-09-02T21:15:02 IST" name="failed_LogIn_Test" data-provider="Failed Credentials" finished-at="2026-09-02T21:15:11 IST" duration-ms="9239" status="FAIL">
          <params>
            <param index="0">
              <value>
                <![CDATA[Test@One]]>
              </value>
            </param>
            <param index="1">
              <value>
                <![CDATA[Password_1]]>
              </value>
            </param>
          </params>
          <exception class="org.openqa.selenium.NoSuchElementException">
            <message>
              <![CDATA[no such element: Unable to locate element: {"method":"xpath","selector":"//div[@class='message-error']//span"}
  (Session info: chrome=151.0.7922.175)
For documentation on this error, please visit: https://www.selenium.dev/documentation/webdriver/troubleshooting/errors#nosuchelementexception
Build info: version: '4.47.0', revision: '9175ed9 9175ed94d83e87cc3abeb7c9fd91367d17849d35'
System info: os.name: 'Windows 11', os.arch: 'amd64', os.version: '10.0', java.version: '25.0.4'
Driver info: org.openqa.selenium.chrome.ChromeDriver
Command: [5194f1f3588339708af6ae142e32fb98, findElement {value=//div[@class='message-error']//span, using=xpath}]
Capabilities {acceptInsecureCerts: false, browserName: chrome, browserVersion: 151.0.7922.175, chrome: {chromedriverVersion: 151.0.7922.138 (41fa8244239..., userDataDir: C:\Users\VENKAT~1\AppData\L...}, fedcm:accounts: true, goog:chromeOptions: {debuggerAddress: localhost:52995}, goog:processID: 1920, networkConnectionEnabled: false, pageLoadStrategy: normal, platformName: windows, proxy: Proxy(), se:cdp: ws://localhost:52995/devtoo..., se:cdpVersion: 151.0.7922.175, setWindowRect: true, strictFileInteractability: false, timeouts: {implicit: 0, pageLoad: 300000, script: 30000}, unhandledPromptBehavior: dismiss and notify, webauthn:extension:credBlob: true, webauthn:extension:largeBlob: true, webauthn:extension:minPinLength: true, webauthn:extension:prf: true, webauthn:virtualAuthenticators: true}
Session ID: 5194f1f3588339708af6ae142e32fb98]]>
            </message>
            <full-stacktrace>
              <![CDATA[org.openqa.selenium.NoSuchElementException: no such element: Unable to locate element: {"method":"xpath","selector":"//div[@class='message-error']//span"}
  (Session info: chrome=151.0.7922.175)
For documentation on this error, please visit: https://www.selenium.dev/documentation/webdriver/troubleshooting/errors#nosuchelementexception
Build info: version: '4.47.0', revision: '9175ed9 9175ed94d83e87cc3abeb7c9fd91367d17849d35'
System info: os.name: 'Windows 11', os.arch: 'amd64', os.version: '10.0', java.version: '25.0.4'
Driver info: org.openqa.selenium.chrome.ChromeDriver
Command: [5194f1f3588339708af6ae142e32fb98, findElement {value=//div[@class='message-error']//span, using=xpath}]
Capabilities {acceptInsecureCerts: false, browserName: chrome, browserVersion: 151.0.7922.175, chrome: {chromedriverVersion: 151.0.7922.138 (41fa8244239..., userDataDir: C:\Users\VENKAT~1\AppData\L...}, fedcm:accounts: true, goog:chromeOptions: {debuggerAddress: localhost:52995}, goog:processID: 1920, networkConnectionEnabled: false, pageLoadStrategy: normal, platformName: windows, proxy: Proxy(), se:cdp: ws://localhost:52995/devtoo..., se:cdpVersion: 151.0.7922.175, setWindowRect: true, strictFileInteractability: false, timeouts: {implicit: 0, pageLoad: 300000, script: 30000}, unhandledPromptBehavior: dismiss and notify, webauthn:extension:credBlob: true, webauthn:extension:largeBlob: true, webauthn:extension:minPinLength: true, webauthn:extension:prf: true, webauthn:virtualAuthenticators: true}
Session ID: 5194f1f3588339708af6ae142e32fb98
at org.openqa.selenium.remote.ErrorCodec.decode(ErrorCodec.java:169)
at org.openqa.selenium.remote.codec.w3c.W3CHttpResponseCodec.decode(W3CHttpResponseCodec.java:143)
at org.openqa.selenium.remote.codec.w3c.W3CHttpResponseCodec.decode(W3CHttpResponseCodec.java:50)
at org.openqa.selenium.remote.HttpCommandExecutor.execute(HttpCommandExecutor.java:196)
at org.openqa.selenium.remote.service.DriverCommandExecutor.invokeExecute(DriverCommandExecutor.java:217)
at org.openqa.selenium.remote.service.DriverCommandExecutor.execute(DriverCommandExecutor.java:175)
at org.openqa.selenium.remote.RemoteWebDriver.execute(RemoteWebDriver.java:653)
at org.openqa.selenium.remote.ElementLocation$ElementFinder$2.findElement(ElementLocation.java:173)
at org.openqa.selenium.remote.ElementLocation.findElement(ElementLocation.java:60)
at org.openqa.selenium.remote.RemoteWebDriver.findElement(RemoteWebDriver.java:417)
at org.openqa.selenium.remote.RemoteWebDriver.findElement(RemoteWebDriver.java:411)
at pages.LoginRegiPage.getLogin_Failed_Error_Label_1(LoginRegiPage.java:54)
at tests.LoginPageTest.failed_LogIn_Test(LoginPageTest.java:39)
at java.base/jdk.internal.reflect.DirectMethodHandleAccessor.invoke(DirectMethodHandleAccessor.java:104)
at java.base/java.lang.reflect.Method.invoke(Method.java:565)
at org.testng.internal.invokers.MethodInvocationHelper.invokeMethod(MethodInvocationHelper.java:141)
at org.testng.internal.invokers.TestInvoker.invokeMethod(TestInvoker.java:697)
at org.testng.internal.invokers.TestInvoker.invokeTestMethod(TestInvoker.java:230)
at org.testng.internal.invokers.MethodRunner.runInSequence(MethodRunner.java:63)
at org.testng.internal.invokers.TestInvoker$MethodInvocationAgent.invoke(TestInvoker.java:1005)
at org.testng.internal.invokers.TestInvoker.invokeTestMethods(TestInvoker.java:203)
at org.testng.internal.invokers.TestMethodWorker.invokeTestMethods(TestMethodWorker.java:154)
at org.testng.internal.invokers.TestMethodWorker.run(TestMethodWorker.java:134)
at java.base/java.util.ArrayList.forEach(ArrayList.java:1604)
at org.testng.TestRunner.privateRun(TestRunner.java:744)
at org.testng.TestRunner.run(TestRunner.java:616)
at org.testng.SuiteRunner.runTest(SuiteRunner.java:421)
at org.testng.SuiteRunner.runSequentially(SuiteRunner.java:413)
at org.testng.SuiteRunner.privateRun(SuiteRunner.java:373)
at org.testng.SuiteRunner.run(SuiteRunner.java:312)
at org.testng.SuiteRunnerWorker.runSuite(SuiteRunnerWorker.java:52)
at org.testng.SuiteRunnerWorker.run(SuiteRunnerWorker.java:95)
at org.testng.TestNG.runSuitesSequentially(TestNG.java:1274)
at org.testng.TestNG.runSuitesLocally(TestNG.java:1208)
at org.testng.TestNG.runSuites(TestNG.java:1112)
at org.testng.TestNG.run(TestNG.java:1079)
at org.apache.maven.surefire.testng.TestNGExecutor.run(TestNGExecutor.java:155)
at org.apache.maven.surefire.testng.TestNGDirectoryTestSuite.executeMulti(TestNGDirectoryTestSuite.java:169)
at org.apache.maven.surefire.testng.TestNGDirectoryTestSuite.execute(TestNGDirectoryTestSuite.java:88)
at org.apache.maven.surefire.testng.TestNGProvider.invoke(TestNGProvider.java:137)
at org.apache.maven.surefire.booter.ForkedBooter.runSuitesInProcess(ForkedBooter.java:385)
at org.apache.maven.surefire.booter.ForkedBooter.execute(ForkedBooter.java:162)
at org.apache.maven.surefire.booter.ForkedBooter.run(ForkedBooter.java:507)
at org.apache.maven.surefire.booter.ForkedBooter.main(ForkedBooter.java:495)
]]>
            </full-stacktrace>
          </exception> <!-- org.openqa.selenium.NoSuchElementException -->
          <reporter-output>
          </reporter-output>
        </test-method> <!-- failed_LogIn_Test -->
        <test-method is-config="true" signature="afterMethod()[pri:0, instance:tests.LoginPageTest@73700b80]" started-at="2026-09-02T21:15:11 IST" name="afterMethod" finished-at="2026-09-02T21:15:12 IST" duration-ms="776" status="PASS">
          <reporter-output>
          </reporter-output>
        </test-method> <!-- afterMethod -->
        <test-method is-config="true" signature="beforeMethod()[pri:0, instance:tests.LoginPageTest@73700b80]" started-at="2026-09-02T21:15:12 IST" name="beforeMethod" finished-at="2026-09-02T21:15:17 IST" duration-ms="5516" status="PASS">
          <reporter-output>
          </reporter-output>
        </test-method> <!-- beforeMethod -->
        <test-method signature="failed_LogIn_Test(java.lang.String,java.lang.String)[pri:1, instance:tests.LoginPageTest@73700b80]" started-at="2026-09-02T21:15:17 IST" name="failed_LogIn_Test" data-provider="Failed Credentials" finished-at="2026-09-02T21:15:26 IST" duration-ms="9202" status="FAIL">
          <params>
            <param index="0">
              <value>
                <![CDATA[Test@Two]]>
              </value>
            </param>
            <param index="1">
              <value>
                <![CDATA[Password_2]]>
              </value>
            </param>
          </params>
          <exception class="org.openqa.selenium.NoSuchElementException">
            <message>
              <![CDATA[no such element: Unable to locate element: {"method":"xpath","selector":"//div[@class='message-error']//span"}
  (Session info: chrome=151.0.7922.175)
For documentation on this error, please visit: https://www.selenium.dev/documentation/webdriver/troubleshooting/errors#nosuchelementexception
Build info: version: '4.47.0', revision: '9175ed9 9175ed94d83e87cc3abeb7c9fd91367d17849d35'
System info: os.name: 'Windows 11', os.arch: 'amd64', os.version: '10.0', java.version: '25.0.4'
Driver info: org.openqa.selenium.chrome.ChromeDriver
Command: [35a0809abd7c3a3bd07cfbf707d93313, findElement {value=//div[@class='message-error']//span, using=xpath}]
Capabilities {acceptInsecureCerts: false, browserName: chrome, browserVersion: 151.0.7922.175, chrome: {chromedriverVersion: 151.0.7922.138 (41fa8244239..., userDataDir: C:\Users\VENKAT~1\AppData\L...}, fedcm:accounts: true, goog:chromeOptions: {debuggerAddress: localhost:55773}, goog:processID: 25732, networkConnectionEnabled: false, pageLoadStrategy: normal, platformName: windows, proxy: Proxy(), se:cdp: ws://localhost:55773/devtoo..., se:cdpVersion: 151.0.7922.175, setWindowRect: true, strictFileInteractability: false, timeouts: {implicit: 0, pageLoad: 300000, script: 30000}, unhandledPromptBehavior: dismiss and notify, webauthn:extension:credBlob: true, webauthn:extension:largeBlob: true, webauthn:extension:minPinLength: true, webauthn:extension:prf: true, webauthn:virtualAuthenticators: true}
Session ID: 35a0809abd7c3a3bd07cfbf707d93313]]>
            </message>
            <full-stacktrace>
              <![CDATA[org.openqa.selenium.NoSuchElementException: no such element: Unable to locate element: {"method":"xpath","selector":"//div[@class='message-error']//span"}
  (Session info: chrome=151.0.7922.175)
For documentation on this error, please visit: https://www.selenium.dev/documentation/webdriver/troubleshooting/errors#nosuchelementexception
Build info: version: '4.47.0', revision: '9175ed9 9175ed94d83e87cc3abeb7c9fd91367d17849d35'
System info: os.name: 'Windows 11', os.arch: 'amd64', os.version: '10.0', java.version: '25.0.4'
Driver info: org.openqa.selenium.chrome.ChromeDriver
Command: [35a0809abd7c3a3bd07cfbf707d93313, findElement {value=//div[@class='message-error']//span, using=xpath}]
Capabilities {acceptInsecureCerts: false, browserName: chrome, browserVersion: 151.0.7922.175, chrome: {chromedriverVersion: 151.0.7922.138 (41fa8244239..., userDataDir: C:\Users\VENKAT~1\AppData\L...}, fedcm:accounts: true, goog:chromeOptions: {debuggerAddress: localhost:55773}, goog:processID: 25732, networkConnectionEnabled: false, pageLoadStrategy: normal, platformName: windows, proxy: Proxy(), se:cdp: ws://localhost:55773/devtoo..., se:cdpVersion: 151.0.7922.175, setWindowRect: true, strictFileInteractability: false, timeouts: {implicit: 0, pageLoad: 300000, script: 30000}, unhandledPromptBehavior: dismiss and notify, webauthn:extension:credBlob: true, webauthn:extension:largeBlob: true, webauthn:extension:minPinLength: true, webauthn:extension:prf: true, webauthn:virtualAuthenticators: true}
Session ID: 35a0809abd7c3a3bd07cfbf707d93313
at org.openqa.selenium.remote.ErrorCodec.decode(ErrorCodec.java:169)
at org.openqa.selenium.remote.codec.w3c.W3CHttpResponseCodec.decode(W3CHttpResponseCodec.java:143)
at org.openqa.selenium.remote.codec.w3c.W3CHttpResponseCodec.decode(W3CHttpResponseCodec.java:50)
at org.openqa.selenium.remote.HttpCommandExecutor.execute(HttpCommandExecutor.java:196)
at org.openqa.selenium.remote.service.DriverCommandExecutor.invokeExecute(DriverCommandExecutor.java:217)
at org.openqa.selenium.remote.service.DriverCommandExecutor.execute(DriverCommandExecutor.java:175)
at org.openqa.selenium.remote.RemoteWebDriver.execute(RemoteWebDriver.java:653)
at org.openqa.selenium.remote.ElementLocation$ElementFinder$2.findElement(ElementLocation.java:173)
at org.openqa.selenium.remote.ElementLocation.findElement(ElementLocation.java:60)
at org.openqa.selenium.remote.RemoteWebDriver.findElement(RemoteWebDriver.java:417)
at org.openqa.selenium.remote.RemoteWebDriver.findElement(RemoteWebDriver.java:411)
at pages.LoginRegiPage.getLogin_Failed_Error_Label_1(LoginRegiPage.java:54)
at tests.LoginPageTest.failed_LogIn_Test(LoginPageTest.java:39)
at java.base/jdk.internal.reflect.DirectMethodHandleAccessor.invoke(DirectMethodHandleAccessor.java:104)
at java.base/java.lang.reflect.Method.invoke(Method.java:565)
at org.testng.internal.invokers.MethodInvocationHelper.invokeMethod(MethodInvocationHelper.java:141)
at org.testng.internal.invokers.TestInvoker.invokeMethod(TestInvoker.java:697)
at org.testng.internal.invokers.TestInvoker.invokeTestMethod(TestInvoker.java:230)
at org.testng.internal.invokers.MethodRunner.runInSequence(MethodRunner.java:63)
at org.testng.internal.invokers.TestInvoker$MethodInvocationAgent.invoke(TestInvoker.java:1005)
at org.testng.internal.invokers.TestInvoker.invokeTestMethods(TestInvoker.java:203)
at org.testng.internal.invokers.TestMethodWorker.invokeTestMethods(TestMethodWorker.java:154)
at org.testng.internal.invokers.TestMethodWorker.run(TestMethodWorker.java:134)
at java.base/java.util.ArrayList.forEach(ArrayList.java:1604)
at org.testng.TestRunner.privateRun(TestRunner.java:744)
at org.testng.TestRunner.run(TestRunner.java:616)
at org.testng.SuiteRunner.runTest(SuiteRunner.java:421)
at org.testng.SuiteRunner.runSequentially(SuiteRunner.java:413)
at org.testng.SuiteRunner.privateRun(SuiteRunner.java:373)
at org.testng.SuiteRunner.run(SuiteRunner.java:312)
at org.testng.SuiteRunnerWorker.runSuite(SuiteRunnerWorker.java:52)
at org.testng.SuiteRunnerWorker.run(SuiteRunnerWorker.java:95)
at org.testng.TestNG.runSuitesSequentially(TestNG.java:1274)
at org.testng.TestNG.runSuitesLocally(TestNG.java:1208)
at org.testng.TestNG.runSuites(TestNG.java:1112)
at org.testng.TestNG.run(TestNG.java:1079)
at org.apache.maven.surefire.testng.TestNGExecutor.run(TestNGExecutor.java:155)
at org.apache.maven.surefire.testng.TestNGDirectoryTestSuite.executeMulti(TestNGDirectoryTestSuite.java:169)
at org.apache.maven.surefire.testng.TestNGDirectoryTestSuite.execute(TestNGDirectoryTestSuite.java:88)
at org.apache.maven.surefire.testng.TestNGProvider.invoke(TestNGProvider.java:137)
at org.apache.maven.surefire.booter.ForkedBooter.runSuitesInProcess(ForkedBooter.java:385)
at org.apache.maven.surefire.booter.ForkedBooter.execute(ForkedBooter.java:162)
at org.apache.maven.surefire.booter.ForkedBooter.run(ForkedBooter.java:507)
at org.apache.maven.surefire.booter.ForkedBooter.main(ForkedBooter.java:495)
]]>
            </full-stacktrace>
          </exception> <!-- org.openqa.selenium.NoSuchElementException -->
          <reporter-output>
          </reporter-output>
        </test-method> <!-- failed_LogIn_Test -->
        <test-method is-config="true" signature="afterMethod()[pri:0, instance:tests.LoginPageTest@73700b80]" started-at="2026-09-02T21:15:26 IST" name="afterMethod" finished-at="2026-09-02T21:15:27 IST" duration-ms="868" status="PASS">
          <reporter-output>
          </reporter-output>
        </test-method> <!-- afterMethod -->
        <test-method is-config="true" signature="beforeMethod()[pri:0, instance:tests.LoginPageTest@73700b80]" started-at="2026-09-02T21:15:27 IST" name="beforeMethod" finished-at="2026-09-02T21:15:31 IST" duration-ms="3378" status="PASS">
          <reporter-output>
          </reporter-output>
        </test-method> <!-- beforeMethod -->
        <test-method signature="failed_LogIn_Test(java.lang.String,java.lang.String)[pri:1, instance:tests.LoginPageTest@73700b80]" started-at="2026-09-02T21:15:31 IST" name="failed_LogIn_Test" data-provider="Failed Credentials" finished-at="2026-09-02T21:15:40 IST" duration-ms="9060" status="FAIL">
          <params>
            <param index="0">
              <value>
                <![CDATA[Test@Three]]>
              </value>
            </param>
            <param index="1">
              <value>
                <![CDATA[Password_3]]>
              </value>
            </param>
          </params>
          <exception class="org.openqa.selenium.NoSuchElementException">
            <message>
              <![CDATA[no such element: Unable to locate element: {"method":"xpath","selector":"//div[@class='message-error']//span"}
  (Session info: chrome=151.0.7922.175)
For documentation on this error, please visit: https://www.selenium.dev/documentation/webdriver/troubleshooting/errors#nosuchelementexception
Build info: version: '4.47.0', revision: '9175ed9 9175ed94d83e87cc3abeb7c9fd91367d17849d35'
System info: os.name: 'Windows 11', os.arch: 'amd64', os.version: '10.0', java.version: '25.0.4'
Driver info: org.openqa.selenium.chrome.ChromeDriver
Command: [5805fb78a259bfc606044d77488ff9df, findElement {value=//div[@class='message-error']//span, using=xpath}]
Capabilities {acceptInsecureCerts: false, browserName: chrome, browserVersion: 151.0.7922.175, chrome: {chromedriverVersion: 151.0.7922.138 (41fa8244239..., userDataDir: C:\Users\VENKAT~1\AppData\L...}, fedcm:accounts: true, goog:chromeOptions: {debuggerAddress: localhost:50228}, goog:processID: 3756, networkConnectionEnabled: false, pageLoadStrategy: normal, platformName: windows, proxy: Proxy(), se:cdp: ws://localhost:50228/devtoo..., se:cdpVersion: 151.0.7922.175, setWindowRect: true, strictFileInteractability: false, timeouts: {implicit: 0, pageLoad: 300000, script: 30000}, unhandledPromptBehavior: dismiss and notify, webauthn:extension:credBlob: true, webauthn:extension:largeBlob: true, webauthn:extension:minPinLength: true, webauthn:extension:prf: true, webauthn:virtualAuthenticators: true}
Session ID: 5805fb78a259bfc606044d77488ff9df]]>
            </message>
            <full-stacktrace>
              <![CDATA[org.openqa.selenium.NoSuchElementException: no such element: Unable to locate element: {"method":"xpath","selector":"//div[@class='message-error']//span"}
  (Session info: chrome=151.0.7922.175)
For documentation on this error, please visit: https://www.selenium.dev/documentation/webdriver/troubleshooting/errors#nosuchelementexception
Build info: version: '4.47.0', revision: '9175ed9 9175ed94d83e87cc3abeb7c9fd91367d17849d35'
System info: os.name: 'Windows 11', os.arch: 'amd64', os.version: '10.0', java.version: '25.0.4'
Driver info: org.openqa.selenium.chrome.ChromeDriver
Command: [5805fb78a259bfc606044d77488ff9df, findElement {value=//div[@class='message-error']//span, using=xpath}]
Capabilities {acceptInsecureCerts: false, browserName: chrome, browserVersion: 151.0.7922.175, chrome: {chromedriverVersion: 151.0.7922.138 (41fa8244239..., userDataDir: C:\Users\VENKAT~1\AppData\L...}, fedcm:accounts: true, goog:chromeOptions: {debuggerAddress: localhost:50228}, goog:processID: 3756, networkConnectionEnabled: false, pageLoadStrategy: normal, platformName: windows, proxy: Proxy(), se:cdp: ws://localhost:50228/devtoo..., se:cdpVersion: 151.0.7922.175, setWindowRect: true, strictFileInteractability: false, timeouts: {implicit: 0, pageLoad: 300000, script: 30000}, unhandledPromptBehavior: dismiss and notify, webauthn:extension:credBlob: true, webauthn:extension:largeBlob: true, webauthn:extension:minPinLength: true, webauthn:extension:prf: true, webauthn:virtualAuthenticators: true}
Session ID: 5805fb78a259bfc606044d77488ff9df
at org.openqa.selenium.remote.ErrorCodec.decode(ErrorCodec.java:169)
at org.openqa.selenium.remote.codec.w3c.W3CHttpResponseCodec.decode(W3CHttpResponseCodec.java:143)
at org.openqa.selenium.remote.codec.w3c.W3CHttpResponseCodec.decode(W3CHttpResponseCodec.java:50)
at org.openqa.selenium.remote.HttpCommandExecutor.execute(HttpCommandExecutor.java:196)
at org.openqa.selenium.remote.service.DriverCommandExecutor.invokeExecute(DriverCommandExecutor.java:217)
at org.openqa.selenium.remote.service.DriverCommandExecutor.execute(DriverCommandExecutor.java:175)
at org.openqa.selenium.remote.RemoteWebDriver.execute(RemoteWebDriver.java:653)
at org.openqa.selenium.remote.ElementLocation$ElementFinder$2.findElement(ElementLocation.java:173)
at org.openqa.selenium.remote.ElementLocation.findElement(ElementLocation.java:60)
at org.openqa.selenium.remote.RemoteWebDriver.findElement(RemoteWebDriver.java:417)
at org.openqa.selenium.remote.RemoteWebDriver.findElement(RemoteWebDriver.java:411)
at pages.LoginRegiPage.getLogin_Failed_Error_Label_1(LoginRegiPage.java:54)
at tests.LoginPageTest.failed_LogIn_Test(LoginPageTest.java:39)
at java.base/jdk.internal.reflect.DirectMethodHandleAccessor.invoke(DirectMethodHandleAccessor.java:104)
at java.base/java.lang.reflect.Method.invoke(Method.java:565)
at org.testng.internal.invokers.MethodInvocationHelper.invokeMethod(MethodInvocationHelper.java:141)
at org.testng.internal.invokers.TestInvoker.invokeMethod(TestInvoker.java:697)
at org.testng.internal.invokers.TestInvoker.invokeTestMethod(TestInvoker.java:230)
at org.testng.internal.invokers.MethodRunner.runInSequence(MethodRunner.java:63)
at org.testng.internal.invokers.TestInvoker$MethodInvocationAgent.invoke(TestInvoker.java:1005)
at org.testng.internal.invokers.TestInvoker.invokeTestMethods(TestInvoker.java:203)
at org.testng.internal.invokers.TestMethodWorker.invokeTestMethods(TestMethodWorker.java:154)
at org.testng.internal.invokers.TestMethodWorker.run(TestMethodWorker.java:134)
at java.base/java.util.ArrayList.forEach(ArrayList.java:1604)
at org.testng.TestRunner.privateRun(TestRunner.java:744)
at org.testng.TestRunner.run(TestRunner.java:616)
at org.testng.SuiteRunner.runTest(SuiteRunner.java:421)
at org.testng.SuiteRunner.runSequentially(SuiteRunner.java:413)
at org.testng.SuiteRunner.privateRun(SuiteRunner.java:373)
at org.testng.SuiteRunner.run(SuiteRunner.java:312)
at org.testng.SuiteRunnerWorker.runSuite(SuiteRunnerWorker.java:52)
at org.testng.SuiteRunnerWorker.run(SuiteRunnerWorker.java:95)
at org.testng.TestNG.runSuitesSequentially(TestNG.java:1274)
at org.testng.TestNG.runSuitesLocally(TestNG.java:1208)
at org.testng.TestNG.runSuites(TestNG.java:1112)
at org.testng.TestNG.run(TestNG.java:1079)
at org.apache.maven.surefire.testng.TestNGExecutor.run(TestNGExecutor.java:155)
at org.apache.maven.surefire.testng.TestNGDirectoryTestSuite.executeMulti(TestNGDirectoryTestSuite.java:169)
at org.apache.maven.surefire.testng.TestNGDirectoryTestSuite.execute(TestNGDirectoryTestSuite.java:88)
at org.apache.maven.surefire.testng.TestNGProvider.invoke(TestNGProvider.java:137)
at org.apache.maven.surefire.booter.ForkedBooter.runSuitesInProcess(ForkedBooter.java:385)
at org.apache.maven.surefire.booter.ForkedBooter.execute(ForkedBooter.java:162)
at org.apache.maven.surefire.booter.ForkedBooter.run(ForkedBooter.java:507)
at org.apache.maven.surefire.booter.ForkedBooter.main(ForkedBooter.java:495)
]]>
            </full-stacktrace>
          </exception> <!-- org.openqa.selenium.NoSuchElementException -->
          <reporter-output>
          </reporter-output>
        </test-method> <!-- failed_LogIn_Test -->
        <test-method is-config="true" signature="afterMethod()[pri:0, instance:tests.LoginPageTest@73700b80]" started-at="2026-09-02T21:15:40 IST" name="afterMethod" finished-at="2026-09-02T21:15:40 IST" duration-ms="299" status="PASS">
          <reporter-output>
          </reporter-output>
        </test-method> <!-- afterMethod -->
        <test-method is-config="true" signature="beforeMethod()[pri:0, instance:tests.LoginPageTest@73700b80]" started-at="2026-09-02T21:15:40 IST" name="beforeMethod" finished-at="2026-09-02T21:15:48 IST" duration-ms="8107" status="PASS">
          <reporter-output>
          </reporter-output>
        </test-method> <!-- beforeMethod -->
        <test-method signature="failed_LogIn_Test(java.lang.String,java.lang.String)[pri:1, instance:tests.LoginPageTest@73700b80]" started-at="2026-09-02T21:15:48 IST" name="failed_LogIn_Test" data-provider="Failed Credentials" finished-at="2026-09-02T21:15:57 IST" duration-ms="8974" status="FAIL">
          <params>
            <param index="0">
              <value>
                <![CDATA[Test@Four]]>
              </value>
            </param>
            <param index="1">
              <value>
                <![CDATA[Password_4]]>
              </value>
            </param>
          </params>
          <exception class="org.openqa.selenium.NoSuchElementException">
            <message>
              <![CDATA[no such element: Unable to locate element: {"method":"xpath","selector":"//div[@class='message-error']//span"}
  (Session info: chrome=151.0.7922.175)
For documentation on this error, please visit: https://www.selenium.dev/documentation/webdriver/troubleshooting/errors#nosuchelementexception
Build info: version: '4.47.0', revision: '9175ed9 9175ed94d83e87cc3abeb7c9fd91367d17849d35'
System info: os.name: 'Windows 11', os.arch: 'amd64', os.version: '10.0', java.version: '25.0.4'
Driver info: org.openqa.selenium.chrome.ChromeDriver
Command: [3f00ef570c7d6bd14480f9a801facc86, findElement {value=//div[@class='message-error']//span, using=xpath}]
Capabilities {acceptInsecureCerts: false, browserName: chrome, browserVersion: 151.0.7922.175, chrome: {chromedriverVersion: 151.0.7922.138 (41fa8244239..., userDataDir: C:\Users\VENKAT~1\AppData\L...}, fedcm:accounts: true, goog:chromeOptions: {debuggerAddress: localhost:54983}, goog:processID: 24440, networkConnectionEnabled: false, pageLoadStrategy: normal, platformName: windows, proxy: Proxy(), se:cdp: ws://localhost:54983/devtoo..., se:cdpVersion: 151.0.7922.175, setWindowRect: true, strictFileInteractability: false, timeouts: {implicit: 0, pageLoad: 300000, script: 30000}, unhandledPromptBehavior: dismiss and notify, webauthn:extension:credBlob: true, webauthn:extension:largeBlob: true, webauthn:extension:minPinLength: true, webauthn:extension:prf: true, webauthn:virtualAuthenticators: true}
Session ID: 3f00ef570c7d6bd14480f9a801facc86]]>
            </message>
            <full-stacktrace>
              <![CDATA[org.openqa.selenium.NoSuchElementException: no such element: Unable to locate element: {"method":"xpath","selector":"//div[@class='message-error']//span"}
  (Session info: chrome=151.0.7922.175)
For documentation on this error, please visit: https://www.selenium.dev/documentation/webdriver/troubleshooting/errors#nosuchelementexception
Build info: version: '4.47.0', revision: '9175ed9 9175ed94d83e87cc3abeb7c9fd91367d17849d35'
System info: os.name: 'Windows 11', os.arch: 'amd64', os.version: '10.0', java.version: '25.0.4'
Driver info: org.openqa.selenium.chrome.ChromeDriver
Command: [3f00ef570c7d6bd14480f9a801facc86, findElement {value=//div[@class='message-error']//span, using=xpath}]
Capabilities {acceptInsecureCerts: false, browserName: chrome, browserVersion: 151.0.7922.175, chrome: {chromedriverVersion: 151.0.7922.138 (41fa8244239..., userDataDir: C:\Users\VENKAT~1\AppData\L...}, fedcm:accounts: true, goog:chromeOptions: {debuggerAddress: localhost:54983}, goog:processID: 24440, networkConnectionEnabled: false, pageLoadStrategy: normal, platformName: windows, proxy: Proxy(), se:cdp: ws://localhost:54983/devtoo..., se:cdpVersion: 151.0.7922.175, setWindowRect: true, strictFileInteractability: false, timeouts: {implicit: 0, pageLoad: 300000, script: 30000}, unhandledPromptBehavior: dismiss and notify, webauthn:extension:credBlob: true, webauthn:extension:largeBlob: true, webauthn:extension:minPinLength: true, webauthn:extension:prf: true, webauthn:virtualAuthenticators: true}
Session ID: 3f00ef570c7d6bd14480f9a801facc86
at org.openqa.selenium.remote.ErrorCodec.decode(ErrorCodec.java:169)
at org.openqa.selenium.remote.codec.w3c.W3CHttpResponseCodec.decode(W3CHttpResponseCodec.java:143)
at org.openqa.selenium.remote.codec.w3c.W3CHttpResponseCodec.decode(W3CHttpResponseCodec.java:50)
at org.openqa.selenium.remote.HttpCommandExecutor.execute(HttpCommandExecutor.java:196)
at org.openqa.selenium.remote.service.DriverCommandExecutor.invokeExecute(DriverCommandExecutor.java:217)
at org.openqa.selenium.remote.service.DriverCommandExecutor.execute(DriverCommandExecutor.java:175)
at org.openqa.selenium.remote.RemoteWebDriver.execute(RemoteWebDriver.java:653)
at org.openqa.selenium.remote.ElementLocation$ElementFinder$2.findElement(ElementLocation.java:173)
at org.openqa.selenium.remote.ElementLocation.findElement(ElementLocation.java:60)
at org.openqa.selenium.remote.RemoteWebDriver.findElement(RemoteWebDriver.java:417)
at org.openqa.selenium.remote.RemoteWebDriver.findElement(RemoteWebDriver.java:411)
at pages.LoginRegiPage.getLogin_Failed_Error_Label_1(LoginRegiPage.java:54)
at tests.LoginPageTest.failed_LogIn_Test(LoginPageTest.java:39)
at java.base/jdk.internal.reflect.DirectMethodHandleAccessor.invoke(DirectMethodHandleAccessor.java:104)
at java.base/java.lang.reflect.Method.invoke(Method.java:565)
at org.testng.internal.invokers.MethodInvocationHelper.invokeMethod(MethodInvocationHelper.java:141)
at org.testng.internal.invokers.TestInvoker.invokeMethod(TestInvoker.java:697)
at org.testng.internal.invokers.TestInvoker.invokeTestMethod(TestInvoker.java:230)
at org.testng.internal.invokers.MethodRunner.runInSequence(MethodRunner.java:63)
at org.testng.internal.invokers.TestInvoker$MethodInvocationAgent.invoke(TestInvoker.java:1005)
at org.testng.internal.invokers.TestInvoker.invokeTestMethods(TestInvoker.java:203)
at org.testng.internal.invokers.TestMethodWorker.invokeTestMethods(TestMethodWorker.java:154)
at org.testng.internal.invokers.TestMethodWorker.run(TestMethodWorker.java:134)
at java.base/java.util.ArrayList.forEach(ArrayList.java:1604)
at org.testng.TestRunner.privateRun(TestRunner.java:744)
at org.testng.TestRunner.run(TestRunner.java:616)
at org.testng.SuiteRunner.runTest(SuiteRunner.java:421)
at org.testng.SuiteRunner.runSequentially(SuiteRunner.java:413)
at org.testng.SuiteRunner.privateRun(SuiteRunner.java:373)
at org.testng.SuiteRunner.run(SuiteRunner.java:312)
at org.testng.SuiteRunnerWorker.runSuite(SuiteRunnerWorker.java:52)
at org.testng.SuiteRunnerWorker.run(SuiteRunnerWorker.java:95)
at org.testng.TestNG.runSuitesSequentially(TestNG.java:1274)
at org.testng.TestNG.runSuitesLocally(TestNG.java:1208)
at org.testng.TestNG.runSuites(TestNG.java:1112)
at org.testng.TestNG.run(TestNG.java:1079)
at org.apache.maven.surefire.testng.TestNGExecutor.run(TestNGExecutor.java:155)
at org.apache.maven.surefire.testng.TestNGDirectoryTestSuite.executeMulti(TestNGDirectoryTestSuite.java:169)
at org.apache.maven.surefire.testng.TestNGDirectoryTestSuite.execute(TestNGDirectoryTestSuite.java:88)
at org.apache.maven.surefire.testng.TestNGProvider.invoke(TestNGProvider.java:137)
at org.apache.maven.surefire.booter.ForkedBooter.runSuitesInProcess(ForkedBooter.java:385)
at org.apache.maven.surefire.booter.ForkedBooter.execute(ForkedBooter.java:162)
at org.apache.maven.surefire.booter.ForkedBooter.run(ForkedBooter.java:507)
at org.apache.maven.surefire.booter.ForkedBooter.main(ForkedBooter.java:495)
]]>
            </full-stacktrace>
          </exception> <!-- org.openqa.selenium.NoSuchElementException -->
          <reporter-output>
          </reporter-output>
        </test-method> <!-- failed_LogIn_Test -->
        <test-method is-config="true" signature="afterMethod()[pri:0, instance:tests.LoginPageTest@73700b80]" started-at="2026-09-02T21:15:57 IST" name="afterMethod" finished-at="2026-09-02T21:15:57 IST" duration-ms="256" status="PASS">
          <reporter-output>
          </reporter-output>
        </test-method> <!-- afterMethod -->
        <test-method is-config="true" signature="beforeMethod()[pri:0, instance:tests.LoginPageTest@73700b80]" started-at="2026-09-02T21:15:57 IST" name="beforeMethod" finished-at="2026-09-02T21:16:03 IST" duration-ms="5488" status="PASS">
          <reporter-output>
          </reporter-output>
        </test-method> <!-- beforeMethod -->
        <test-method signature="success_Login_Test()[pri:2, instance:tests.LoginPageTest@73700b80]" started-at="2026-09-02T21:16:03 IST" name="success_Login_Test" finished-at="2026-09-02T21:16:06 IST" duration-ms="3026" status="PASS">
          <reporter-output>
          </reporter-output>
        </test-method> <!-- success_Login_Test -->
        <test-method is-config="true" signature="afterMethod()[pri:0, instance:tests.LoginPageTest@73700b80]" started-at="2026-09-02T21:16:06 IST" name="afterMethod" finished-at="2026-09-02T21:16:06 IST" duration-ms="239" status="PASS">
          <reporter-output>
          </reporter-output>
        </test-method> <!-- afterMethod -->
        <test-method is-config="true" signature="afterClass()[pri:0, instance:tests.LoginPageTest@73700b80]" started-at="2026-09-02T21:16:06 IST" name="afterClass" finished-at="2026-09-02T21:16:06 IST" duration-ms="0" status="PASS">
          <reporter-output>
          </reporter-output>
        </test-method> <!-- afterClass -->
      </class> <!-- tests.LoginPageTest -->
    </test> <!-- Surefire test -->
  </suite> <!-- Surefire suite -->
</testng-results>
