<?xml version="1.0" encoding="UTF-8"?>
<testng-results ignored="0" total="10" passed="10" failed="0" skipped="0">
  <reporter-output>
  </reporter-output>
  <suite started-at="2026-08-30T22:34:55 IST" name="Suite" finished-at="2026-08-30T22:37:01 IST" duration-ms="125933">
    <groups>
    </groups>
    <test started-at="2026-08-30T22:34:55 IST" name="Test" finished-at="2026-08-30T22:37:01 IST" duration-ms="125933">
      <class name="tests.HomePageTest">
        <test-method is-config="true" signature="beforeSuite()[pri:0, instance:tests.HomePageTest@3bcd05cb]" started-at="2026-08-30T22:34:55 IST" name="beforeSuite" finished-at="2026-08-30T22:34:55 IST" duration-ms="15" status="PASS">
          <reporter-output>
          </reporter-output>
        </test-method> <!-- beforeSuite -->
        <test-method is-config="true" signature="beforeTest()[pri:0, instance:tests.HomePageTest@3bcd05cb]" started-at="2026-08-30T22:34:55 IST" name="beforeTest" finished-at="2026-08-30T22:34:55 IST" duration-ms="1" status="PASS">
          <reporter-output>
          </reporter-output>
        </test-method> <!-- beforeTest -->
        <test-method is-config="true" signature="beforeClass()[pri:0, instance:tests.HomePageTest@3bcd05cb]" started-at="2026-08-30T22:34:55 IST" name="beforeClass" finished-at="2026-08-30T22:34:55 IST" duration-ms="1" status="PASS">
          <reporter-output>
          </reporter-output>
        </test-method> <!-- beforeClass -->
        <test-method is-config="true" signature="beforeMethod()[pri:0, instance:tests.HomePageTest@3bcd05cb]" started-at="2026-08-30T22:34:55 IST" name="beforeMethod" finished-at="2026-08-30T22:35:01 IST" duration-ms="6136" status="PASS">
          <reporter-output>
          </reporter-output>
        </test-method> <!-- beforeMethod -->
        <test-method signature="shoppingCart()[pri:1, instance:tests.HomePageTest@3bcd05cb]" started-at="2026-08-30T22:35:02 IST" name="shoppingCart" finished-at="2026-08-30T22:35:02 IST" duration-ms="92" status="PASS">
          <reporter-output>
          </reporter-output>
        </test-method> <!-- shoppingCart -->
        <test-method is-config="true" signature="afterMethod()[pri:0, instance:tests.HomePageTest@3bcd05cb]" started-at="2026-08-30T22:35:02 IST" name="afterMethod" finished-at="2026-08-30T22:35:02 IST" duration-ms="200" status="PASS">
          <reporter-output>
          </reporter-output>
        </test-method> <!-- afterMethod -->
        <test-method is-config="true" signature="beforeMethod()[pri:0, instance:tests.HomePageTest@3bcd05cb]" started-at="2026-08-30T22:35:02 IST" name="beforeMethod" finished-at="2026-08-30T22:35:07 IST" duration-ms="5154" status="PASS">
          <reporter-output>
          </reporter-output>
        </test-method> <!-- beforeMethod -->
        <test-method signature="wishList()[pri:2, instance:tests.HomePageTest@3bcd05cb]" started-at="2026-08-30T22:35:07 IST" name="wishList" finished-at="2026-08-30T22:35:07 IST" duration-ms="5" status="PASS">
          <reporter-output>
          </reporter-output>
        </test-method> <!-- wishList -->
        <test-method is-config="true" signature="afterMethod()[pri:0, instance:tests.HomePageTest@3bcd05cb]" started-at="2026-08-30T22:35:07 IST" name="afterMethod" finished-at="2026-08-30T22:35:07 IST" duration-ms="181" status="PASS">
          <reporter-output>
          </reporter-output>
        </test-method> <!-- afterMethod -->
        <test-method is-config="true" signature="beforeMethod()[pri:0, instance:tests.HomePageTest@3bcd05cb]" started-at="2026-08-30T22:35:07 IST" name="beforeMethod" finished-at="2026-08-30T22:35:13 IST" duration-ms="5941" status="PASS">
          <reporter-output>
          </reporter-output>
        </test-method> <!-- beforeMethod -->
        <test-method signature="headerList()[pri:3, instance:tests.HomePageTest@3bcd05cb]" started-at="2026-08-30T22:35:13 IST" name="headerList" finished-at="2026-08-30T22:35:13 IST" duration-ms="6" status="PASS">
          <reporter-output>
          </reporter-output>
        </test-method> <!-- headerList -->
        <test-method is-config="true" signature="afterMethod()[pri:0, instance:tests.HomePageTest@3bcd05cb]" started-at="2026-08-30T22:35:13 IST" name="afterMethod" finished-at="2026-08-30T22:35:13 IST" duration-ms="157" status="PASS">
          <reporter-output>
          </reporter-output>
        </test-method> <!-- afterMethod -->
        <test-method is-config="true" signature="beforeMethod()[pri:0, instance:tests.HomePageTest@3bcd05cb]" started-at="2026-08-30T22:35:13 IST" name="beforeMethod" finished-at="2026-08-30T22:35:19 IST" duration-ms="5361" status="PASS">
          <reporter-output>
          </reporter-output>
        </test-method> <!-- beforeMethod -->
        <test-method signature="homePage_MenuList()[pri:3, instance:tests.HomePageTest@3bcd05cb]" started-at="2026-08-30T22:35:19 IST" name="homePage_MenuList" finished-at="2026-08-30T22:35:30 IST" duration-ms="11434" status="PASS">
          <reporter-output>
          </reporter-output>
        </test-method> <!-- homePage_MenuList -->
        <test-method is-config="true" signature="afterMethod()[pri:0, instance:tests.HomePageTest@3bcd05cb]" started-at="2026-08-30T22:35:30 IST" name="afterMethod" finished-at="2026-08-30T22:35:30 IST" duration-ms="220" status="PASS">
          <reporter-output>
          </reporter-output>
        </test-method> <!-- afterMethod -->
        <test-method is-config="true" signature="beforeMethod()[pri:0, instance:tests.HomePageTest@3bcd05cb]" started-at="2026-08-30T22:35:30 IST" name="beforeMethod" finished-at="2026-08-30T22:35:36 IST" duration-ms="5322" status="PASS">
          <reporter-output>
          </reporter-output>
        </test-method> <!-- beforeMethod -->
        <test-method signature="categoryList()[pri:4, instance:tests.HomePageTest@3bcd05cb]" started-at="2026-08-30T22:35:36 IST" name="categoryList" finished-at="2026-08-30T22:35:36 IST" duration-ms="2" status="PASS">
          <reporter-output>
          </reporter-output>
        </test-method> <!-- categoryList -->
        <test-method is-config="true" signature="afterMethod()[pri:0, instance:tests.HomePageTest@3bcd05cb]" started-at="2026-08-30T22:35:36 IST" name="afterMethod" finished-at="2026-08-30T22:35:36 IST" duration-ms="189" status="PASS">
          <reporter-output>
          </reporter-output>
        </test-method> <!-- afterMethod -->
        <test-method is-config="true" signature="beforeMethod()[pri:0, instance:tests.HomePageTest@3bcd05cb]" started-at="2026-08-30T22:35:36 IST" name="beforeMethod" finished-at="2026-08-30T22:35:43 IST" duration-ms="6758" status="PASS">
          <reporter-output>
          </reporter-output>
        </test-method> <!-- beforeMethod -->
        <test-method signature="homePage_CategoryList()[pri:4, instance:tests.HomePageTest@3bcd05cb]" started-at="2026-08-30T22:35:43 IST" name="homePage_CategoryList" finished-at="2026-08-30T22:35:54 IST" duration-ms="11228" status="PASS">
          <reporter-output>
          </reporter-output>
        </test-method> <!-- homePage_CategoryList -->
        <test-method is-config="true" signature="afterMethod()[pri:0, instance:tests.HomePageTest@3bcd05cb]" started-at="2026-08-30T22:35:54 IST" name="afterMethod" finished-at="2026-08-30T22:35:54 IST" duration-ms="265" status="PASS">
          <reporter-output>
          </reporter-output>
        </test-method> <!-- afterMethod -->
        <test-method is-config="true" signature="beforeMethod()[pri:0, instance:tests.HomePageTest@3bcd05cb]" started-at="2026-08-30T22:35:54 IST" name="beforeMethod" finished-at="2026-08-30T22:36:01 IST" duration-ms="6436" status="PASS">
          <reporter-output>
          </reporter-output>
        </test-method> <!-- beforeMethod -->
        <test-method signature="homePage_InformationList()[pri:5, instance:tests.HomePageTest@3bcd05cb]" started-at="2026-08-30T22:36:01 IST" name="homePage_InformationList" finished-at="2026-08-30T22:36:11 IST" duration-ms="9927" status="PASS">
          <reporter-output>
          </reporter-output>
        </test-method> <!-- homePage_InformationList -->
        <test-method is-config="true" signature="afterMethod()[pri:0, instance:tests.HomePageTest@3bcd05cb]" started-at="2026-08-30T22:36:11 IST" name="afterMethod" finished-at="2026-08-30T22:36:11 IST" duration-ms="750" status="PASS">
          <reporter-output>
          </reporter-output>
        </test-method> <!-- afterMethod -->
        <test-method is-config="true" signature="beforeMethod()[pri:0, instance:tests.HomePageTest@3bcd05cb]" started-at="2026-08-30T22:36:11 IST" name="beforeMethod" finished-at="2026-08-30T22:36:19 IST" duration-ms="8149" status="PASS">
          <reporter-output>
          </reporter-output>
        </test-method> <!-- beforeMethod -->
        <test-method signature="homePage_MyAccountList()[pri:6, instance:tests.HomePageTest@3bcd05cb]" started-at="2026-08-30T22:36:19 IST" name="homePage_MyAccountList" finished-at="2026-08-30T22:36:28 IST" duration-ms="8857" status="PASS">
          <reporter-output>
          </reporter-output>
        </test-method> <!-- homePage_MyAccountList -->
        <test-method is-config="true" signature="afterMethod()[pri:0, instance:tests.HomePageTest@3bcd05cb]" started-at="2026-08-30T22:36:28 IST" name="afterMethod" finished-at="2026-08-30T22:36:29 IST" duration-ms="893" status="PASS">
          <reporter-output>
          </reporter-output>
        </test-method> <!-- afterMethod -->
        <test-method is-config="true" signature="beforeMethod()[pri:0, instance:tests.HomePageTest@3bcd05cb]" started-at="2026-08-30T22:36:29 IST" name="beforeMethod" finished-at="2026-08-30T22:36:35 IST" duration-ms="6110" status="PASS">
          <reporter-output>
          </reporter-output>
        </test-method> <!-- beforeMethod -->
        <test-method signature="homePage_CustomerServiceList()[pri:7, instance:tests.HomePageTest@3bcd05cb]" started-at="2026-08-30T22:36:35 IST" name="homePage_CustomerServiceList" finished-at="2026-08-30T22:36:45 IST" duration-ms="9982" status="PASS">
          <reporter-output>
          </reporter-output>
        </test-method> <!-- homePage_CustomerServiceList -->
        <test-method is-config="true" signature="afterMethod()[pri:0, instance:tests.HomePageTest@3bcd05cb]" started-at="2026-08-30T22:36:45 IST" name="afterMethod" finished-at="2026-08-30T22:36:46 IST" duration-ms="810" status="PASS">
          <reporter-output>
          </reporter-output>
        </test-method> <!-- afterMethod -->
        <test-method is-config="true" signature="beforeMethod()[pri:0, instance:tests.HomePageTest@3bcd05cb]" started-at="2026-08-30T22:36:46 IST" name="beforeMethod" finished-at="2026-08-30T22:36:52 IST" duration-ms="5357" status="PASS">
          <reporter-output>
          </reporter-output>
        </test-method> <!-- beforeMethod -->
        <test-method signature="homePage_FollowUs_List()[pri:8, instance:tests.HomePageTest@3bcd05cb]" started-at="2026-08-30T22:36:52 IST" name="homePage_FollowUs_List" finished-at="2026-08-30T22:37:00 IST" duration-ms="8759" status="PASS">
          <reporter-output>
          </reporter-output>
        </test-method> <!-- homePage_FollowUs_List -->
        <test-method is-config="true" signature="afterMethod()[pri:0, instance:tests.HomePageTest@3bcd05cb]" started-at="2026-08-30T22:37:00 IST" name="afterMethod" finished-at="2026-08-30T22:37:01 IST" duration-ms="916" status="PASS">
          <reporter-output>
          </reporter-output>
        </test-method> <!-- afterMethod -->
        <test-method is-config="true" signature="afterClass()[pri:0, instance:tests.HomePageTest@3bcd05cb]" started-at="2026-08-30T22:37:01 IST" name="afterClass" finished-at="2026-08-30T22:37:01 IST" duration-ms="0" status="PASS">
          <reporter-output>
          </reporter-output>
        </test-method> <!-- afterClass -->
        <test-method is-config="true" signature="afterTest()[pri:0, instance:tests.HomePageTest@3bcd05cb]" started-at="2026-08-30T22:37:01 IST" name="afterTest" finished-at="2026-08-30T22:37:01 IST" duration-ms="0" status="PASS">
          <reporter-output>
          </reporter-output>
        </test-method> <!-- afterTest -->
        <test-method is-config="true" signature="afterSuite()[pri:0, instance:tests.HomePageTest@3bcd05cb]" started-at="2026-08-30T22:37:01 IST" name="afterSuite" finished-at="2026-08-30T22:37:01 IST" duration-ms="0" status="PASS">
          <reporter-output>
          </reporter-output>
        </test-method> <!-- afterSuite -->
      </class> <!-- tests.HomePageTest -->
    </test> <!-- Test -->
  </suite> <!-- Suite -->
</testng-results>
