<?xml version="1.0" encoding="UTF-8"?>
<testng-results ignored="0" total="1" passed="1" failed="0" skipped="0">
  <reporter-output>
  </reporter-output>
  <suite started-at="2026-08-18T20:46:53 IST" name="Default suite" finished-at="2026-08-18T20:47:09 IST" duration-ms="15337">
    <groups>
    </groups>
    <test started-at="2026-08-18T20:46:53 IST" name="Default test" finished-at="2026-08-18T20:47:09 IST" duration-ms="15337">
      <class name="tests.IndexPageTest">
        <test-method is-config="true" signature="beforeSuite()[pri:0, instance:tests.IndexPageTest@3b6d844d]" started-at="2026-08-18T20:46:53 IST" name="beforeSuite" finished-at="2026-08-18T20:46:53 IST" duration-ms="18" status="PASS">
          <reporter-output>
          </reporter-output>
        </test-method> <!-- beforeSuite -->
        <test-method is-config="true" signature="beforeTest()[pri:0, instance:tests.IndexPageTest@3b6d844d]" started-at="2026-08-18T20:46:53 IST" name="beforeTest" finished-at="2026-08-18T20:46:53 IST" duration-ms="1" status="PASS">
          <reporter-output>
          </reporter-output>
        </test-method> <!-- beforeTest -->
        <test-method is-config="true" signature="beforeClass()[pri:0, instance:tests.IndexPageTest@3b6d844d]" started-at="2026-08-18T20:46:53 IST" name="beforeClass" finished-at="2026-08-18T20:46:53 IST" duration-ms="2" status="PASS">
          <reporter-output>
          </reporter-output>
        </test-method> <!-- beforeClass -->
        <test-method is-config="true" signature="beforeMethod()[pri:0, instance:tests.IndexPageTest@3b6d844d]" started-at="2026-08-18T20:46:53 IST" name="beforeMethod" finished-at="2026-08-18T20:47:08 IST" duration-ms="14880" status="PASS">
          <reporter-output>
          </reporter-output>
        </test-method> <!-- beforeMethod -->
        <test-method signature="urlTest()[pri:0, instance:tests.IndexPageTest@3b6d844d]" started-at="2026-08-18T20:47:09 IST" name="urlTest" finished-at="2026-08-18T20:47:09 IST" duration-ms="127" status="PASS">
          <reporter-output>
          </reporter-output>
        </test-method> <!-- urlTest -->
        <test-method is-config="true" signature="afterMethod()[pri:0, instance:tests.IndexPageTest@3b6d844d]" started-at="2026-08-18T20:47:09 IST" name="afterMethod" finished-at="2026-08-18T20:47:09 IST" duration-ms="80" status="PASS">
          <reporter-output>
          </reporter-output>
        </test-method> <!-- afterMethod -->
        <test-method is-config="true" signature="afterClass()[pri:0, instance:tests.IndexPageTest@3b6d844d]" started-at="2026-08-18T20:47:09 IST" name="afterClass" finished-at="2026-08-18T20:47:09 IST" duration-ms="1" status="PASS">
          <reporter-output>
          </reporter-output>
        </test-method> <!-- afterClass -->
        <test-method is-config="true" signature="afterTest()[pri:0, instance:tests.IndexPageTest@3b6d844d]" started-at="2026-08-18T20:47:09 IST" name="afterTest" finished-at="2026-08-18T20:47:09 IST" duration-ms="1" status="PASS">
          <reporter-output>
          </reporter-output>
        </test-method> <!-- afterTest -->
        <test-method is-config="true" signature="afterSuite()[pri:0, instance:tests.IndexPageTest@3b6d844d]" started-at="2026-08-18T20:47:09 IST" name="afterSuite" finished-at="2026-08-18T20:47:09 IST" duration-ms="1" status="PASS">
          <reporter-output>
          </reporter-output>
        </test-method> <!-- afterSuite -->
      </class> <!-- tests.IndexPageTest -->
    </test> <!-- Default test -->
  </suite> <!-- Default suite -->
</testng-results>
