<?xml version="1.0" encoding="UTF-8"?>
<!-- Generated by org.testng.reporters.JUnitReportReporter -->
<testsuite hostname="LAPTOP-QU2VP51Q" failures="0" tests="10" name="tests.HomePageTest" time="125.597" errors="0" timestamp="2026-08-30T22:37:01 IST" skipped="0">
  <testcase classname="tests.HomePageTest" name="shoppingCart" time="7.050"/>
  <testcase classname="tests.HomePageTest" name="wishList" time="6.756"/>
  <testcase classname="tests.HomePageTest" name="homePage_MenuList" time="18.437"/>
  <testcase classname="tests.HomePageTest" name="headerList" time="5.587"/>
  <testcase classname="tests.HomePageTest" name="homePage_CategoryList" time="19.642"/>
  <testcase classname="tests.HomePageTest" name="categoryList" time="5.505"/>
  <testcase classname="tests.HomePageTest" name="homePage_InformationList" time="15.238"/>
  <testcase classname="tests.HomePageTest" name="homePage_MyAccountList" time="15.482"/>
  <testcase classname="tests.HomePageTest" name="homePage_CustomerServiceList" time="16.255"/>
  <testcase classname="tests.HomePageTest" name="homePage_FollowUs_List" time="15.645"/>
</testsuite> <!-- tests.HomePageTest -->
