<?xml version="1.0" encoding="UTF-8"?>
<!-- Generated by org.testng.reporters.JUnitReportReporter -->
<testsuite hostname="LAPTOP-QU2VP51Q" failures="0" tests="10" name="tests.HomePageTest" time="135.625" errors="0" timestamp="2026-09-02T21:16:06 IST" skipped="0">
  <testcase classname="tests.HomePageTest" name="shoppingCart" time="6.061"/>
  <testcase classname="tests.HomePageTest" name="wishList" time="8.751"/>
  <testcase classname="tests.HomePageTest" name="headerList" time="6.569"/>
  <testcase classname="tests.HomePageTest" name="homePage_MenuList" time="20.360"/>
  <testcase classname="tests.HomePageTest" name="categoryList" time="8.310"/>
  <testcase classname="tests.HomePageTest" name="homePage_CategoryList" time="19.614"/>
  <testcase classname="tests.HomePageTest" name="homePage_InformationList" time="16.098"/>
  <testcase classname="tests.HomePageTest" name="homePage_MyAccountList" time="18.088"/>
  <testcase classname="tests.HomePageTest" name="homePage_CustomerServiceList" time="17.259"/>
  <testcase classname="tests.HomePageTest" name="homePage_FollowUs_List" time="14.515"/>
</testsuite> <!-- tests.HomePageTest -->
