<?xml version="1.0" encoding="UTF-8"?>
<!-- Generated by org.testng.reporters.JUnitReportReporter -->
<testsuite hostname="LAPTOP-QU2VP51Q" failures="0" tests="8" name="tests.IndexPageTest" time="90.799" errors="0" timestamp="2026-09-02T21:16:06 IST" skipped="0">
  <testcase classname="tests.IndexPageTest" name="indexPage_URL" time="5.689"/>
  <testcase classname="tests.IndexPageTest" name="indexPage_Title" time="8.465"/>
  <testcase classname="tests.IndexPageTest" name="indexPage_MenuList" time="15.234"/>
  <testcase classname="tests.IndexPageTest" name="indexPage_CategoryList" time="12.277"/>
  <testcase classname="tests.IndexPageTest" name="indexPage_InformationList" time="13.260"/>
  <testcase classname="tests.IndexPageTest" name="indexPage_MyAccountList" time="11.935"/>
  <testcase classname="tests.IndexPageTest" name="indexPage_CustomerServiceList" time="12.829"/>
  <testcase classname="tests.IndexPageTest" name="indexPage_FollowUs_List" time="11.110"/>
</testsuite> <!-- tests.IndexPageTest -->
