<?xml version="1.0" encoding="UTF-8"?>
<!-- Generated by org.testng.reporters.JUnitReportReporter -->
<testsuite hostname="LAPTOP-QU2VP51Q" failures="0" tests="8" name="tests.IndexPageTest" time="95.970" errors="0" timestamp="2026-09-02T19:51:33 IST" skipped="0">
  <testcase classname="tests.IndexPageTest" name="indexPage_URL" time="4.905"/>
  <testcase classname="tests.IndexPageTest" name="indexPage_Title" time="5.546"/>
  <testcase classname="tests.IndexPageTest" name="indexPage_MenuList" time="14.495"/>
  <testcase classname="tests.IndexPageTest" name="indexPage_CategoryList" time="14.303"/>
  <testcase classname="tests.IndexPageTest" name="indexPage_InformationList" time="15.909"/>
  <testcase classname="tests.IndexPageTest" name="indexPage_MyAccountList" time="14.606"/>
  <testcase classname="tests.IndexPageTest" name="indexPage_CustomerServiceList" time="12.672"/>
  <testcase classname="tests.IndexPageTest" name="indexPage_FollowUs_List" time="13.534"/>
</testsuite> <!-- tests.IndexPageTest -->
