<?xml version="1.0" encoding="UTF-8"?>
<!-- Generated by org.testng.reporters.JUnitReportReporter -->
<testsuite hostname="LAPTOP-QU2VP51Q" failures="0" tests="10" name="tests.HomePageTest" time="119.735" errors="0" timestamp="2026-09-02T19:51:33 IST" skipped="0">
  <testcase classname="tests.HomePageTest" name="shoppingCart" time="6.017"/>
  <testcase classname="tests.HomePageTest" name="wishList" time="4.495"/>
  <testcase classname="tests.HomePageTest" name="homePage_MenuList" time="19.032"/>
  <testcase classname="tests.HomePageTest" name="headerList" time="7.714"/>
  <testcase classname="tests.HomePageTest" name="homePage_CategoryList" time="16.886"/>
  <testcase classname="tests.HomePageTest" name="categoryList" time="5.937"/>
  <testcase classname="tests.HomePageTest" name="homePage_InformationList" time="15.289"/>
  <testcase classname="tests.HomePageTest" name="homePage_MyAccountList" time="14.422"/>
  <testcase classname="tests.HomePageTest" name="homePage_CustomerServiceList" time="15.769"/>
  <testcase classname="tests.HomePageTest" name="homePage_FollowUs_List" time="14.174"/>
</testsuite> <!-- tests.HomePageTest -->
